29-07-2023 05:08:27 : ================================================================================
29-07-2023 05:08:27 : Start
29-07-2023 05:08:27 : Get coefficients from the image, set contrast ratio=1.0000e+04
29-07-2023 05:08:27 : Coarse grid:20x20, fine grid:400x400.
29-07-2023 05:12:31 : Lambda=2.298640
29-07-2023 05:13:19 : ......10.25%
29-07-2023 05:14:46 : ......20.25%
29-07-2023 05:16:13 : ......30.25%
29-07-2023 05:17:40 : ......40.25%
29-07-2023 05:19:07 : ......50.25%
29-07-2023 05:20:35 : ......60.25%
29-07-2023 05:22:03 : ......70.25%
29-07-2023 05:23:30 : ......80.25%
29-07-2023 05:24:57 : ......90.25%
29-07-2023 05:26:14 : Finish section 1-1, layers=1.
29-07-2023 05:28:21 : ......10.25%
29-07-2023 05:30:56 : ......20.25%
29-07-2023 05:33:32 : ......30.25%
29-07-2023 05:36:07 : ......40.25%
29-07-2023 05:38:42 : ......50.25%
29-07-2023 05:41:17 : ......60.25%
29-07-2023 05:43:43 : ......70.25%
29-07-2023 05:45:39 : ......80.25%
29-07-2023 05:48:02 : ......90.25%
29-07-2023 05:48:59 : Finish section 1-2, layers=2.
29-07-2023 05:50:39 : ......10.25%
29-07-2023 05:54:39 : ......20.25%
29-07-2023 05:58:54 : ......30.25%
29-07-2023 06:02:20 : ......40.25%
29-07-2023 06:04:43 : ......50.25%
29-07-2023 06:08:57 : ......60.25%
29-07-2023 06:13:12 : ......70.25%
29-07-2023 06:17:26 : ......80.25%
29-07-2023 06:21:23 : ......90.25%
29-07-2023 06:24:13 : Finish section 1-3, layers=3.
29-07-2023 06:27:35 : ......10.25%
29-07-2023 06:30:28 : ......20.25%
29-07-2023 06:34:52 : ......30.25%
29-07-2023 06:40:46 : ......40.25%
29-07-2023 06:44:11 : ......50.25%
29-07-2023 06:47:36 : ......60.25%
29-07-2023 06:51:01 : ......70.25%
29-07-2023 06:54:24 : ......80.25%
29-07-2023 06:57:16 : ......90.25%
29-07-2023 06:59:22 : Finish section 1-4, layers=4.
29-07-2023 07:02:55 : Finish reference section 1-4.
29-07-2023 07:02:55 : Reference L2 norm:0.007564, eg norm:68.392766
29-07-2023 07:02:55 : L2-norm errors:0.000292  0.000009  0.000000  0.000000
29-07-2023 07:02:55 : H1-norm errors:0.829295  0.023058  0.000548  0.000025
29-07-2023 07:02:55 : Get coefficients from the image, set contrast ratio=1.0000e+05
29-07-2023 07:02:55 : Coarse grid:20x20, fine grid:400x400.
29-07-2023 07:06:29 : Lambda=2.299099
29-07-2023 07:07:06 : ......10.25%
29-07-2023 07:08:07 : ......20.25%
29-07-2023 07:09:17 : ......30.25%
29-07-2023 07:09:56 : ......40.25%
29-07-2023 07:10:35 : ......50.25%
29-07-2023 07:11:14 : ......60.25%
29-07-2023 07:11:52 : ......70.25%
29-07-2023 07:12:31 : ......80.25%
29-07-2023 07:13:10 : ......90.25%
29-07-2023 07:14:14 : Finish section 2-1, layers=1.
29-07-2023 07:16:20 : ......10.25%
29-07-2023 07:18:54 : ......20.25%
29-07-2023 07:21:30 : ......30.25%
29-07-2023 07:24:05 : ......40.25%
29-07-2023 07:26:39 : ......50.25%
29-07-2023 07:29:15 : ......60.25%
29-07-2023 07:31:51 : ......70.25%
29-07-2023 07:34:24 : ......80.25%
29-07-2023 07:36:56 : ......90.25%
29-07-2023 07:38:51 : Finish section 2-2, layers=2.
29-07-2023 07:40:58 : ......10.25%
29-07-2023 07:43:02 : ......20.25%
29-07-2023 07:47:00 : ......30.25%
29-07-2023 07:51:16 : ......40.25%
29-07-2023 07:54:42 : ......50.25%
29-07-2023 08:00:14 : ......60.25%
29-07-2023 08:02:33 : ......70.25%
29-07-2023 08:04:50 : ......80.25%
29-07-2023 08:07:59 : ......90.25%
29-07-2023 08:10:23 : Finish section 2-3, layers=3.
29-07-2023 08:12:40 : ......10.25%
29-07-2023 08:15:34 : ......20.25%
29-07-2023 08:18:58 : ......30.25%
29-07-2023 08:22:22 : ......40.25%
29-07-2023 08:25:47 : ......50.25%
29-07-2023 08:29:11 : ......60.25%
29-07-2023 08:32:32 : ......70.25%
29-07-2023 08:35:50 : ......80.25%
29-07-2023 08:38:37 : ......90.25%
29-07-2023 08:40:38 : Finish section 2-4, layers=4.
29-07-2023 08:44:04 : Finish reference section 1-4.
29-07-2023 08:44:04 : Reference L2 norm:0.007567, eg norm:216.318225
29-07-2023 08:44:04 : L2-norm errors:0.000292  0.000009  0.000000  0.000000
29-07-2023 08:44:04 : H1-norm errors:2.621876  0.072883  0.001731  0.000078
29-07-2023 08:44:04 : Get coefficients from the image, set contrast ratio=1.0000e+06
29-07-2023 08:44:05 : Coarse grid:20x20, fine grid:400x400.
29-07-2023 08:47:34 : Lambda=2.299145
29-07-2023 08:48:11 : ......10.25%
29-07-2023 08:48:49 : ......20.25%
29-07-2023 08:49:28 : ......30.25%
29-07-2023 08:50:08 : ......40.25%
29-07-2023 08:50:49 : ......50.25%
29-07-2023 08:51:29 : ......60.25%
29-07-2023 08:52:10 : ......70.25%
29-07-2023 08:52:51 : ......80.25%
29-07-2023 08:54:43 : ......90.25%
29-07-2023 08:55:19 : Finish section 3-1, layers=1.
29-07-2023 08:56:25 : ......10.25%
29-07-2023 08:57:50 : ......20.25%
29-07-2023 08:59:19 : ......30.25%
29-07-2023 09:00:47 : ......40.25%
29-07-2023 09:02:15 : ......50.25%
29-07-2023 09:03:43 : ......60.25%
29-07-2023 09:05:11 : ......70.25%
29-07-2023 09:06:40 : ......80.25%
29-07-2023 09:08:09 : ......90.25%
29-07-2023 09:09:14 : Finish section 3-2, layers=2.
29-07-2023 09:11:04 : ......10.25%
29-07-2023 09:13:26 : ......20.25%
29-07-2023 09:15:58 : ......30.25%
29-07-2023 09:18:31 : ......40.25%
29-07-2023 09:21:03 : ......50.25%
29-07-2023 09:23:34 : ......60.25%
29-07-2023 09:26:05 : ......70.25%
29-07-2023 09:28:36 : ......80.25%
29-07-2023 09:30:57 : ......90.25%
29-07-2023 09:32:36 : Finish section 3-3, layers=3.
29-07-2023 09:35:13 : ......10.25%
29-07-2023 09:38:22 : ......20.25%
29-07-2023 09:41:57 : ......30.25%
29-07-2023 09:45:33 : ......40.25%
29-07-2023 09:49:09 : ......50.25%
29-07-2023 09:52:47 : ......60.25%
29-07-2023 09:56:23 : ......70.25%
29-07-2023 10:02:17 : ......80.25%
29-07-2023 10:05:22 : ......90.25%
29-07-2023 10:08:43 : Finish section 3-4, layers=4.
29-07-2023 10:23:25 : Finish reference section 1-4.
29-07-2023 10:23:25 : Reference L2 norm:0.007567, eg norm:684.071373
29-07-2023 10:23:25 : L2-norm errors:0.000292  0.000009  0.000000  0.000000
29-07-2023 10:23:25 : H1-norm errors:8.290914  0.230465  0.005474  0.000245
29-07-2023 10:23:25 : End

