21-09-2023 10:20:30 : ================================================================================
21-09-2023 10:20:30 : Start
21-09-2023 10:20:30 : Start experimenting with Model 1
21-09-2023 10:20:49 : ================================================================================
21-09-2023 10:20:49 : Start
21-09-2023 10:20:49 : Start experimenting with Model 1
21-09-2023 10:22:00 : ================================================================================
21-09-2023 10:22:00 : Start
21-09-2023 10:22:00 : Start experimenting with Model 1
21-09-2023 10:22:00 : Working on os1_eig1_ctr3_H10...
21-09-2023 10:25:15 : ================================================================================
21-09-2023 10:25:15 : Start
21-09-2023 10:25:15 : Start experimenting with Model 1
21-09-2023 10:25:15 : Working on os1_eig1_ctr3_H10...
21-09-2023 10:25:15 : Now setting up the initial parameters...
21-09-2023 10:25:15 : Getting the glb_A_F...
21-09-2023 10:31:31 : Getting eigen pairs...
21-09-2023 10:31:34 : Getting the corrector
21-09-2023 10:32:59 : ......11.00%
21-09-2023 10:34:34 : ......21.00%
21-09-2023 10:36:13 : ......31.00%
21-09-2023 10:37:49 : ......41.00%
21-09-2023 10:39:24 : ......51.00%
21-09-2023 10:41:00 : ......61.00%
21-09-2023 10:42:39 : ......71.00%
21-09-2023 10:44:15 : ......81.00%
21-09-2023 10:45:47 : ......91.00%
21-09-2023 10:46:41 : Getting the true corrector
21-09-2023 11:02:12 : ================================================================================
21-09-2023 11:02:12 : Start
21-09-2023 11:02:12 : Start experimenting with Model 1
21-09-2023 11:02:12 : Working on os1_eig1_ctr3_H10...
21-09-2023 11:02:12 : Now setting up the initial parameters...
21-09-2023 11:02:12 : Getting the glb_A_F...
