18-08-2023 01:43:17 : ================================================================================
18-08-2023 01:43:17 : Start
18-08-2023 01:43:17 : Get coefficients from the image, set contrast ratio=1.0000e+04
18-08-2023 01:43:17 : Coarse grid:20x20, fine grid:400x400.
18-08-2023 01:50:47 : Lambda=3.319007
18-08-2023 01:51:33 : ......10.25%
18-08-2023 01:52:20 : ......20.25%
18-08-2023 01:53:08 : ......30.25%
18-08-2023 01:53:56 : ......40.25%
18-08-2023 01:54:44 : ......50.25%
18-08-2023 01:55:32 : ......60.25%
18-08-2023 01:56:20 : ......70.25%
18-08-2023 01:57:08 : ......80.25%
18-08-2023 01:57:58 : ......90.25%
18-08-2023 01:58:42 : Finish section 1-1, layers=1.
18-08-2023 02:00:03 : ......10.25%
18-08-2023 02:01:43 : ......20.25%
18-08-2023 02:03:22 : ......30.25%
18-08-2023 02:05:24 : ......40.25%
18-08-2023 02:07:52 : ......50.25%
18-08-2023 02:10:20 : ......60.25%
18-08-2023 02:12:48 : ......70.25%
18-08-2023 02:15:16 : ......80.25%
18-08-2023 02:17:44 : ......90.25%
18-08-2023 02:19:35 : Finish section 1-2, layers=2.
18-08-2023 02:22:37 : ......10.25%
18-08-2023 02:26:28 : ......20.25%
18-08-2023 02:30:34 : ......30.25%
18-08-2023 02:34:41 : ......40.25%
18-08-2023 02:38:47 : ......50.25%
18-08-2023 02:42:42 : ......60.25%
18-08-2023 02:46:48 : ......70.25%
18-08-2023 02:50:52 : ......80.25%
18-08-2023 02:54:35 : ......90.25%
18-08-2023 02:57:16 : Finish section 1-3, layers=3.
18-08-2023 03:01:30 : ......10.25%
18-08-2023 03:06:44 : ......20.25%
18-08-2023 03:12:43 : ......30.25%
18-08-2023 03:19:08 : ......40.25%
18-08-2023 03:25:33 : ......50.25%
18-08-2023 03:31:54 : ......60.25%
18-08-2023 03:38:11 : ......70.25%
18-08-2023 03:44:23 : ......80.25%
18-08-2023 03:49:42 : ......90.25%
18-08-2023 03:53:38 : Finish section 1-4, layers=4.
18-08-2023 04:02:43 : Finish reference section 1-4.
18-08-2023 04:02:43 : Reference L2 norm:0.007169, eg norm:66.667711
18-08-2023 04:02:43 : L2-norm errors:0.000188  0.000005  0.000000  0.000000
18-08-2023 04:02:43 : H1-norm errors:0.588712  0.013972  0.000488  0.000020
18-08-2023 04:02:43 : Get coefficients from the image, set contrast ratio=1.0000e+05
18-08-2023 04:02:43 : Coarse grid:20x20, fine grid:400x400.
18-08-2023 04:11:54 : Lambda=3.319007
18-08-2023 04:13:18 : ......10.25%
18-08-2023 04:14:43 : ......20.25%
18-08-2023 04:16:10 : ......30.25%
18-08-2023 04:17:39 : ......40.25%
18-08-2023 04:19:09 : ......50.25%
18-08-2023 04:20:39 : ......60.25%
18-08-2023 04:22:08 : ......70.25%
18-08-2023 04:23:36 : ......80.25%
18-08-2023 04:25:06 : ......90.25%
18-08-2023 04:26:22 : Finish section 2-1, layers=1.
18-08-2023 04:28:36 : ......10.25%
18-08-2023 04:31:14 : ......20.25%
18-08-2023 04:33:53 : ......30.25%
18-08-2023 04:36:32 : ......40.25%
18-08-2023 04:39:12 : ......50.25%
18-08-2023 04:41:52 : ......60.25%
18-08-2023 04:44:34 : ......70.25%
18-08-2023 04:47:13 : ......80.25%
18-08-2023 04:49:51 : ......90.25%
18-08-2023 04:51:52 : Finish section 2-2, layers=2.
18-08-2023 04:55:07 : ......10.25%
18-08-2023 04:59:17 : ......20.25%
18-08-2023 05:03:39 : ......30.25%
18-08-2023 05:07:58 : ......40.25%
18-08-2023 05:12:20 : ......50.25%
18-08-2023 05:16:40 : ......60.25%
18-08-2023 05:21:04 : ......70.25%
18-08-2023 05:25:26 : ......80.25%
18-08-2023 05:29:33 : ......90.25%
18-08-2023 05:32:28 : Finish section 2-3, layers=3.
18-08-2023 05:37:00 : ......10.25%
18-08-2023 05:42:37 : ......20.25%
18-08-2023 05:49:08 : ......30.25%
18-08-2023 05:55:39 : ......40.25%
18-08-2023 06:02:13 : ......50.25%
18-08-2023 06:08:49 : ......60.25%
18-08-2023 06:15:16 : ......70.25%
18-08-2023 06:21:40 : ......80.25%
18-08-2023 06:27:22 : ......90.25%
18-08-2023 06:31:18 : Finish section 2-4, layers=4.
18-08-2023 06:40:24 : Finish reference section 1-4.
18-08-2023 06:40:24 : Reference L2 norm:0.007174, eg norm:211.044773
18-08-2023 06:40:24 : L2-norm errors:0.000189  0.000005  0.000000  0.000000
18-08-2023 06:40:24 : H1-norm errors:1.862620  0.044102  0.001544  0.000064
18-08-2023 06:40:24 : Get coefficients from the image, set contrast ratio=1.0000e+06
18-08-2023 06:40:24 : Coarse grid:20x20, fine grid:400x400.
18-08-2023 06:50:32 : Lambda=3.319007
18-08-2023 06:51:54 : ......10.25%
18-08-2023 06:53:18 : ......20.25%
18-08-2023 06:54:42 : ......30.25%
18-08-2023 06:56:06 : ......40.25%
18-08-2023 06:57:31 : ......50.25%
18-08-2023 06:58:55 : ......60.25%
18-08-2023 07:00:19 : ......70.25%
18-08-2023 07:01:43 : ......80.25%
18-08-2023 07:03:06 : ......90.25%
18-08-2023 07:04:19 : Finish section 3-1, layers=1.
18-08-2023 07:06:22 : ......10.25%
18-08-2023 07:08:49 : ......20.25%
18-08-2023 07:11:16 : ......30.25%
18-08-2023 07:13:43 : ......40.25%
18-08-2023 07:16:11 : ......50.25%
18-08-2023 07:18:39 : ......60.25%
18-08-2023 07:21:06 : ......70.25%
18-08-2023 07:23:34 : ......80.25%
18-08-2023 07:26:01 : ......90.25%
18-08-2023 07:27:53 : Finish section 3-2, layers=2.
18-08-2023 07:30:53 : ......10.25%
18-08-2023 07:34:41 : ......20.25%
18-08-2023 07:38:39 : ......30.25%
18-08-2023 07:42:41 : ......40.25%
18-08-2023 07:46:41 : ......50.25%
18-08-2023 07:50:40 : ......60.25%
18-08-2023 07:54:39 : ......70.25%
18-08-2023 07:58:37 : ......80.25%
18-08-2023 08:02:20 : ......90.25%
18-08-2023 08:05:02 : Finish section 3-3, layers=3.
18-08-2023 08:09:08 : ......10.25%
18-08-2023 08:14:16 : ......20.25%
18-08-2023 08:20:13 : ......30.25%
18-08-2023 08:26:13 : ......40.25%
18-08-2023 08:32:13 : ......50.25%
18-08-2023 08:38:12 : ......60.25%
18-08-2023 08:44:12 : ......70.25%
18-08-2023 08:50:10 : ......80.25%
18-08-2023 08:55:14 : ......90.25%
18-08-2023 08:58:59 : Finish section 3-4, layers=4.
18-08-2023 09:07:58 : Finish reference section 1-4.
18-08-2023 09:07:58 : Reference L2 norm:0.007227, eg norm:670.470387
18-08-2023 09:07:58 : L2-norm errors:0.000186  0.000005  0.000000  0.000000
18-08-2023 09:07:58 : H1-norm errors:5.838741  0.140616  0.004883  0.000204
18-08-2023 09:07:58 : End

