================================================================================
30-07-2023 06:00:46 : Start
30-07-2023 06:00:46 : Get coefficients from the image, set contrast ratio=1.0000e+04
30-07-2023 06:00:46 : Coarse grid:20x20, fine grid:400x400.
30-07-2023 06:00:46 : Coarse grid: [20x20]; fine grid: [400x400]; eigenvalue number: [3]; oversampling layers: [1].
30-07-2023 06:00:49 : Finish getting all eigenvalue-vector pairs.
30-07-2023 06:00:49 : Finish getting maps of [global node index] to [local freedom index].
30-07-2023 06:01:10 : ......10.25%
30-07-2023 06:01:33 : ......20.25%
30-07-2023 06:01:56 : ......30.25%
30-07-2023 06:02:20 : ......40.25%
30-07-2023 06:02:44 : ......50.25%
30-07-2023 06:03:08 : ......60.25%
30-07-2023 06:03:31 : ......70.25%
30-07-2023 06:03:54 : ......80.25%
30-07-2023 06:04:17 : ......90.25%
30-07-2023 06:04:35 : Finish getting the Neumann corrector and multiscale bases.
30-07-2023 06:04:58 : Finish getting the global stiffness matrix and right-hand vector.
30-07-2023 06:04:58 : Finish collecting all the bases in a sparse matrix formation.
30-07-2023 06:04:59 : Finish constructing the final linear system.
30-07-2023 06:04:59 : Finish solving the final linear system.
30-07-2023 06:05:21 : Finish constructing the final linear system of the reference problem.
30-07-2023 06:05:22 : Finish solving the final linear system of the reference problem.
30-07-2023 06:05:23 : Absolute errors: L2-norm:0.014577, energy norm:0.085043
30-07-2023 06:05:23 : Reference L2 norm:0.015544, eg norm:0.235810
30-07-2023 06:05:23 : Get coefficients from the image, set contrast ratio=1.0000e+04
30-07-2023 06:05:23 : Coarse grid:20x20, fine grid:400x400.
30-07-2023 06:05:23 : Coarse grid: [20x20]; fine grid: [400x400]; eigenvalue number: [3]; oversampling layers: [2].
30-07-2023 06:05:26 : Finish getting all eigenvalue-vector pairs.
30-07-2023 06:05:27 : Finish getting maps of [global node index] to [local freedom index].
30-07-2023 06:06:17 : ......10.25%
30-07-2023 06:07:24 : ......20.25%
30-07-2023 06:08:31 : ......30.25%
30-07-2023 06:09:43 : ......40.25%
30-07-2023 06:11:02 : ......50.25%
30-07-2023 06:12:20 : ......60.25%
30-07-2023 06:13:39 : ......70.25%
30-07-2023 06:14:57 : ......80.25%
30-07-2023 06:16:16 : ......90.25%
30-07-2023 06:17:08 : Finish getting the Neumann corrector and multiscale bases.
30-07-2023 06:17:35 : Finish getting the global stiffness matrix and right-hand vector.
30-07-2023 06:17:38 : Finish collecting all the bases in a sparse matrix formation.
30-07-2023 06:17:38 : Finish constructing the final linear system.
30-07-2023 06:17:38 : Finish solving the final linear system.
30-07-2023 06:18:05 : Finish constructing the final linear system of the reference problem.
30-07-2023 06:18:06 : Finish solving the final linear system of the reference problem.
30-07-2023 06:18:06 : Absolute errors: L2-norm:0.001656, energy norm:0.028329
30-07-2023 06:18:06 : Reference L2 norm:0.015544, eg norm:0.235810
30-07-2023 06:18:06 : Get coefficients from the image, set contrast ratio=1.0000e+04
30-07-2023 06:18:07 : Coarse grid:20x20, fine grid:400x400.
30-07-2023 06:18:07 : Coarse grid: [20x20]; fine grid: [400x400]; eigenvalue number: [3]; oversampling layers: [3].
30-07-2023 06:18:11 : Finish getting all eigenvalue-vector pairs.
30-07-2023 06:18:12 : Finish getting maps of [global node index] to [local freedom index].
30-07-2023 06:19:57 : ......10.25%
30-07-2023 06:22:21 : ......20.25%
30-07-2023 06:24:54 : ......30.25%
30-07-2023 06:27:27 : ......40.25%
30-07-2023 06:30:01 : ......50.25%
30-07-2023 06:32:34 : ......60.25%
30-07-2023 06:35:04 : ......70.25%
30-07-2023 06:37:27 : ......80.25%
30-07-2023 06:39:38 : ......90.25%
30-07-2023 06:41:06 : Finish getting the Neumann corrector and multiscale bases.
30-07-2023 06:41:31 : Finish getting the global stiffness matrix and right-hand vector.
30-07-2023 06:41:36 : Finish collecting all the bases in a sparse matrix formation.
30-07-2023 06:41:38 : Finish constructing the final linear system.
30-07-2023 06:41:38 : Finish solving the final linear system.
30-07-2023 06:42:03 : Finish constructing the final linear system of the reference problem.
30-07-2023 06:42:04 : Finish solving the final linear system of the reference problem.
30-07-2023 06:42:04 : Absolute errors: L2-norm:0.000057, energy norm:0.005065
30-07-2023 06:42:04 : Reference L2 norm:0.015544, eg norm:0.235810
30-07-2023 06:42:04 : Get coefficients from the image, set contrast ratio=1.0000e+04
30-07-2023 06:42:05 : Coarse grid:20x20, fine grid:400x400.
30-07-2023 06:42:05 : Coarse grid: [20x20]; fine grid: [400x400]; eigenvalue number: [3]; oversampling layers: [4].
30-07-2023 06:42:09 : Finish getting all eigenvalue-vector pairs.
30-07-2023 06:42:10 : Finish getting maps of [global node index] to [local freedom index].
30-07-2023 06:44:40 : ......10.25%
30-07-2023 06:47:56 : ......20.25%
30-07-2023 06:51:49 : ......30.25%
30-07-2023 06:55:42 : ......40.25%
30-07-2023 06:59:32 : ......50.25%
30-07-2023 07:03:22 : ......60.25%
30-07-2023 07:07:12 : ......70.25%
30-07-2023 07:11:03 : ......80.25%
30-07-2023 07:14:12 : ......90.25%
30-07-2023 07:16:28 : Finish getting the Neumann corrector and multiscale bases.
30-07-2023 07:16:53 : Finish getting the global stiffness matrix and right-hand vector.
30-07-2023 07:17:00 : Finish collecting all the bases in a sparse matrix formation.
30-07-2023 07:17:06 : Finish constructing the final linear system.
30-07-2023 07:17:06 : Finish solving the final linear system.
30-07-2023 07:17:31 : Finish constructing the final linear system of the reference problem.
30-07-2023 07:17:33 : Finish solving the final linear system of the reference problem.
30-07-2023 07:17:33 : Absolute errors: L2-norm:0.000057, energy norm:0.004987
30-07-2023 07:17:33 : Reference L2 norm:0.015544, eg norm:0.235810
30-07-2023 07:17:33 : ~~~~~~~~~~~~~~~~~~~~~~~~~~~~~~~~~~~~~~~~~~~~~~~~~~~~~~~~~~~~~~~~~~~~~~~~~~~~~~~~
30-07-2023 07:17:33 : Get coefficients from the image, set contrast ratio=1.0000e+04
30-07-2023 07:17:33 : Coarse grid:40x40, fine grid:400x400.
30-07-2023 07:17:33 : Coarse grid: [40x40]; fine grid: [400x400]; eigenvalue number: [3]; oversampling layers: [1].
30-07-2023 07:17:38 : Finish getting all eigenvalue-vector pairs.
30-07-2023 07:17:39 : Finish getting maps of [global node index] to [local freedom index].
30-07-2023 07:17:47 : ......10.06%
30-07-2023 07:17:55 : ......20.06%
30-07-2023 07:18:04 : ......30.06%
30-07-2023 07:18:12 : ......40.06%
30-07-2023 07:18:21 : ......50.06%
30-07-2023 07:18:29 : ......60.06%
30-07-2023 07:18:38 : ......70.06%
30-07-2023 07:18:46 : ......80.06%
30-07-2023 07:18:55 : ......90.06%
30-07-2023 07:19:02 : Finish getting the Neumann corrector and multiscale bases.
30-07-2023 07:19:27 : Finish getting the global stiffness matrix and right-hand vector.
30-07-2023 07:19:28 : Finish collecting all the bases in a sparse matrix formation.
30-07-2023 07:19:28 : Finish constructing the final linear system.
30-07-2023 07:19:28 : Finish solving the final linear system.
30-07-2023 07:19:53 : Finish constructing the final linear system of the reference problem.
30-07-2023 07:19:55 : Finish solving the final linear system of the reference problem.
30-07-2023 07:19:55 : Absolute errors: L2-norm:0.014700, energy norm:0.087863
30-07-2023 07:19:55 : Reference L2 norm:0.015544, eg norm:0.235810
30-07-2023 07:19:55 : Get coefficients from the image, set contrast ratio=1.0000e+04
30-07-2023 07:19:55 : Coarse grid:40x40, fine grid:400x400.
30-07-2023 07:19:55 : Coarse grid: [40x40]; fine grid: [400x400]; eigenvalue number: [3]; oversampling layers: [2].
30-07-2023 07:20:00 : Finish getting all eigenvalue-vector pairs.
30-07-2023 07:20:01 : Finish getting maps of [global node index] to [local freedom index].
30-07-2023 07:20:23 : ......10.06%
30-07-2023 07:20:48 : ......20.06%
30-07-2023 07:21:12 : ......30.06%
30-07-2023 07:21:37 : ......40.06%
30-07-2023 07:22:02 : ......50.06%
30-07-2023 07:22:27 : ......60.06%
30-07-2023 07:22:52 : ......70.06%
30-07-2023 07:23:17 : ......80.06%
30-07-2023 07:23:42 : ......90.06%
30-07-2023 07:24:05 : Finish getting the Neumann corrector and multiscale bases.
30-07-2023 07:24:30 : Finish getting the global stiffness matrix and right-hand vector.
30-07-2023 07:24:32 : Finish collecting all the bases in a sparse matrix formation.
30-07-2023 07:24:33 : Finish constructing the final linear system.
30-07-2023 07:24:34 : Finish solving the final linear system.
30-07-2023 07:24:59 : Finish constructing the final linear system of the reference problem.
30-07-2023 07:25:00 : Finish solving the final linear system of the reference problem.
30-07-2023 07:25:00 : Absolute errors: L2-norm:0.005510, energy norm:0.050964
30-07-2023 07:25:00 : Reference L2 norm:0.015544, eg norm:0.235810
30-07-2023 07:25:00 : Get coefficients from the image, set contrast ratio=1.0000e+04
30-07-2023 07:25:00 : Coarse grid:40x40, fine grid:400x400.
30-07-2023 07:25:00 : Coarse grid: [40x40]; fine grid: [400x400]; eigenvalue number: [3]; oversampling layers: [3].
30-07-2023 07:25:06 : Finish getting all eigenvalue-vector pairs.
30-07-2023 07:25:07 : Finish getting maps of [global node index] to [local freedom index].
30-07-2023 07:25:50 : ......10.06%
30-07-2023 07:26:43 : ......20.06%
30-07-2023 07:27:38 : ......30.06%
30-07-2023 07:28:32 : ......40.06%
30-07-2023 07:29:26 : ......50.06%
30-07-2023 07:30:20 : ......60.06%
30-07-2023 07:31:15 : ......70.06%
30-07-2023 07:32:08 : ......80.06%
30-07-2023 07:33:02 : ......90.06%
30-07-2023 07:33:44 : Finish getting the Neumann corrector and multiscale bases.
30-07-2023 07:34:09 : Finish getting the global stiffness matrix and right-hand vector.
30-07-2023 07:34:14 : Finish collecting all the bases in a sparse matrix formation.
30-07-2023 07:34:17 : Finish constructing the final linear system.
30-07-2023 07:34:17 : Finish solving the final linear system.
30-07-2023 07:34:42 : Finish constructing the final linear system of the reference problem.
30-07-2023 07:34:43 : Finish solving the final linear system of the reference problem.
30-07-2023 07:34:43 : Absolute errors: L2-norm:0.000022, energy norm:0.003455
30-07-2023 07:34:43 : Reference L2 norm:0.015544, eg norm:0.235810
30-07-2023 07:34:43 : Get coefficients from the image, set contrast ratio=1.0000e+04
30-07-2023 07:34:44 : Coarse grid:40x40, fine grid:400x400.
30-07-2023 07:34:44 : Coarse grid: [40x40]; fine grid: [400x400]; eigenvalue number: [3]; oversampling layers: [4].
30-07-2023 07:34:49 : Finish getting all eigenvalue-vector pairs.
30-07-2023 07:34:51 : Finish getting maps of [global node index] to [local freedom index].
30-07-2023 07:35:56 : ......10.06%
30-07-2023 07:37:26 : ......20.06%
30-07-2023 07:38:56 : ......30.06%
30-07-2023 07:40:26 : ......40.06%
30-07-2023 07:41:57 : ......50.06%
30-07-2023 07:43:28 : ......60.06%
30-07-2023 07:44:59 : ......70.06%
30-07-2023 07:46:30 : ......80.06%
30-07-2023 07:48:00 : ......90.06%
30-07-2023 07:49:05 : Finish getting the Neumann corrector and multiscale bases.
30-07-2023 07:49:29 : Finish getting the global stiffness matrix and right-hand vector.
30-07-2023 07:49:38 : Finish collecting all the bases in a sparse matrix formation.
30-07-2023 07:49:44 : Finish constructing the final linear system.
30-07-2023 07:49:45 : Finish solving the final linear system.
30-07-2023 07:50:10 : Finish constructing the final linear system of the reference problem.
30-07-2023 07:50:11 : Finish solving the final linear system of the reference problem.
30-07-2023 07:50:11 : Absolute errors: L2-norm:0.000018, energy norm:0.002532
30-07-2023 07:50:11 : Reference L2 norm:0.015544, eg norm:0.235810
30-07-2023 07:50:11 : ~~~~~~~~~~~~~~~~~~~~~~~~~~~~~~~~~~~~~~~~~~~~~~~~~~~~~~~~~~~~~~~~~~~~~~~~~~~~~~~~
30-07-2023 07:50:11 : Get coefficients from the image, set contrast ratio=1.0000e+04
30-07-2023 07:50:12 : Coarse grid:80x80, fine grid:400x400.
30-07-2023 07:50:12 : Coarse grid: [80x80]; fine grid: [400x400]; eigenvalue number: [3]; oversampling layers: [1].
30-07-2023 07:50:23 : Finish getting all eigenvalue-vector pairs.
30-07-2023 07:50:23 : Finish getting maps of [global node index] to [local freedom index].
30-07-2023 07:50:27 : ......10.02%
30-07-2023 07:50:32 : ......20.02%
30-07-2023 07:50:36 : ......30.02%
30-07-2023 07:50:40 : ......40.02%
30-07-2023 07:50:45 : ......50.02%
30-07-2023 07:50:49 : ......60.02%
30-07-2023 07:50:53 : ......70.02%
30-07-2023 07:50:57 : ......80.02%
30-07-2023 07:51:02 : ......90.02%
30-07-2023 07:51:06 : Finish getting the Neumann corrector and multiscale bases.
30-07-2023 07:51:31 : Finish getting the global stiffness matrix and right-hand vector.
30-07-2023 07:51:32 : Finish collecting all the bases in a sparse matrix formation.
30-07-2023 07:51:32 : Finish constructing the final linear system.
30-07-2023 07:51:32 : Finish solving the final linear system.
30-07-2023 07:51:57 : Finish constructing the final linear system of the reference problem.
30-07-2023 07:51:58 : Finish solving the final linear system of the reference problem.
30-07-2023 07:51:58 : Absolute errors: L2-norm:0.014800, energy norm:0.091359
30-07-2023 07:51:58 : Reference L2 norm:0.015544, eg norm:0.235810
30-07-2023 07:51:59 : Get coefficients from the image, set contrast ratio=1.0000e+04
30-07-2023 07:51:59 : Coarse grid:80x80, fine grid:400x400.
30-07-2023 07:51:59 : Coarse grid: [80x80]; fine grid: [400x400]; eigenvalue number: [3]; oversampling layers: [2].
30-07-2023 07:52:10 : Finish getting all eigenvalue-vector pairs.
30-07-2023 07:52:10 : Finish getting maps of [global node index] to [local freedom index].
30-07-2023 07:52:22 : ......10.02%
30-07-2023 07:52:34 : ......20.02%
30-07-2023 07:52:46 : ......30.02%
30-07-2023 07:52:58 : ......40.02%
30-07-2023 07:53:10 : ......50.02%
30-07-2023 07:53:22 : ......60.02%
30-07-2023 07:53:34 : ......70.02%
30-07-2023 07:53:46 : ......80.02%
30-07-2023 07:53:59 : ......90.02%
30-07-2023 07:54:10 : Finish getting the Neumann corrector and multiscale bases.
30-07-2023 07:54:35 : Finish getting the global stiffness matrix and right-hand vector.
30-07-2023 07:54:37 : Finish collecting all the bases in a sparse matrix formation.
30-07-2023 07:54:38 : Finish constructing the final linear system.
30-07-2023 07:54:41 : Finish solving the final linear system.
30-07-2023 07:55:06 : Finish constructing the final linear system of the reference problem.
30-07-2023 07:55:07 : Finish solving the final linear system of the reference problem.
30-07-2023 07:55:07 : Absolute errors: L2-norm:0.011192, energy norm:0.072630
30-07-2023 07:55:07 : Reference L2 norm:0.015544, eg norm:0.235810
30-07-2023 07:55:07 : Get coefficients from the image, set contrast ratio=1.0000e+04
30-07-2023 07:55:07 : Coarse grid:80x80, fine grid:400x400.
30-07-2023 07:55:07 : Coarse grid: [80x80]; fine grid: [400x400]; eigenvalue number: [3]; oversampling layers: [3].
30-07-2023 07:55:18 : Finish getting all eigenvalue-vector pairs.
30-07-2023 07:55:19 : Finish getting maps of [global node index] to [local freedom index].
30-07-2023 07:55:42 : ......10.02%
30-07-2023 07:56:06 : ......20.02%
30-07-2023 07:56:30 : ......30.02%
30-07-2023 07:56:54 : ......40.02%
30-07-2023 07:57:19 : ......50.02%
30-07-2023 07:57:43 : ......60.02%
30-07-2023 07:58:07 : ......70.02%
30-07-2023 07:58:32 : ......80.02%
30-07-2023 07:58:56 : ......90.02%
30-07-2023 07:59:18 : Finish getting the Neumann corrector and multiscale bases.
30-07-2023 07:59:43 : Finish getting the global stiffness matrix and right-hand vector.
30-07-2023 07:59:48 : Finish collecting all the bases in a sparse matrix formation.
30-07-2023 07:59:51 : Finish constructing the final linear system.
30-07-2023 07:59:55 : Finish solving the final linear system.
30-07-2023 08:00:20 : Finish constructing the final linear system of the reference problem.
30-07-2023 08:00:21 : Finish solving the final linear system of the reference problem.
30-07-2023 08:00:21 : Absolute errors: L2-norm:0.000066, energy norm:0.005809
30-07-2023 08:00:21 : Reference L2 norm:0.015544, eg norm:0.235810
30-07-2023 08:00:21 : Get coefficients from the image, set contrast ratio=1.0000e+04
30-07-2023 08:00:22 : Coarse grid:80x80, fine grid:400x400.
30-07-2023 08:00:22 : Coarse grid: [80x80]; fine grid: [400x400]; eigenvalue number: [3]; oversampling layers: [4].
30-07-2023 08:00:33 : Finish getting all eigenvalue-vector pairs.
30-07-2023 08:00:35 : Finish getting maps of [global node index] to [local freedom index].
30-07-2023 08:01:11 : ......10.02%
30-07-2023 08:01:51 : ......20.02%
30-07-2023 08:02:32 : ......30.02%
30-07-2023 08:03:13 : ......40.02%
30-07-2023 08:03:54 : ......50.02%
30-07-2023 08:04:34 : ......60.02%
30-07-2023 08:05:14 : ......70.02%
30-07-2023 08:05:52 : ......80.02%
30-07-2023 08:06:29 : ......90.02%
30-07-2023 08:07:03 : Finish getting the Neumann corrector and multiscale bases.
30-07-2023 08:07:25 : Finish getting the global stiffness matrix and right-hand vector.
30-07-2023 08:07:33 : Finish collecting all the bases in a sparse matrix formation.
30-07-2023 08:07:40 : Finish constructing the final linear system.
30-07-2023 08:07:46 : Finish solving the final linear system.
30-07-2023 08:08:09 : Finish constructing the final linear system of the reference problem.
30-07-2023 08:08:10 : Finish solving the final linear system of the reference problem.
30-07-2023 08:08:10 : Absolute errors: L2-norm:0.000008, energy norm:0.001736
30-07-2023 08:08:10 : Reference L2 norm:0.015544, eg norm:0.235810
30-07-2023 08:08:10 : ~~~~~~~~~~~~~~~~~~~~~~~~~~~~~~~~~~~~~~~~~~~~~~~~~~~~~~~~~~~~~~~~~~~~~~~~~~~~~~~~
30-07-2023 08:08:10 : ~~End of section 1~~

30-07-2023 08:08:10 : Get coefficients from the image, set contrast ratio=1.0000e+03
30-07-2023 08:08:11 : Coarse grid:80x80, fine grid:400x400.
30-07-2023 08:08:11 : Coarse grid: [80x80]; fine grid: [400x400]; eigenvalue number: [3]; oversampling layers: [1].
30-07-2023 08:08:21 : Finish getting all eigenvalue-vector pairs.
30-07-2023 08:08:21 : Finish getting maps of [global node index] to [local freedom index].
30-07-2023 08:08:25 : ......10.02%
30-07-2023 08:08:29 : ......20.02%
30-07-2023 08:08:33 : ......30.02%
30-07-2023 08:08:37 : ......40.02%
30-07-2023 08:08:41 : ......50.02%
30-07-2023 08:08:45 : ......60.02%
30-07-2023 08:08:49 : ......70.02%
30-07-2023 08:08:53 : ......80.02%
30-07-2023 08:08:57 : ......90.02%
30-07-2023 08:09:01 : Finish getting the Neumann corrector and multiscale bases.
30-07-2023 08:09:24 : Finish getting the global stiffness matrix and right-hand vector.
30-07-2023 08:09:25 : Finish collecting all the bases in a sparse matrix formation.
30-07-2023 08:09:25 : Finish constructing the final linear system.
30-07-2023 08:09:26 : Finish solving the final linear system.
30-07-2023 08:09:49 : Finish constructing the final linear system of the reference problem.
30-07-2023 08:09:56 : Finish solving the final linear system of the reference problem.
30-07-2023 08:09:56 : Absolute errors: L2-norm:0.015931, energy norm:0.133180
30-07-2023 08:09:56 : Reference L2 norm:0.016873, eg norm:0.259732
30-07-2023 08:09:56 : ~~~~~~~~~~~~~~~~~~~~~~~~~~~~~~~~~~~~~~~~~~~~~~~~~~~~~~~~~~~~~~~~~~~~~~~~~~~~~~~~
30-07-2023 08:09:56 : Get coefficients from the image, set contrast ratio=1.0000e+04
30-07-2023 08:09:56 : Coarse grid:80x80, fine grid:400x400.
30-07-2023 08:09:56 : Coarse grid: [80x80]; fine grid: [400x400]; eigenvalue number: [3]; oversampling layers: [1].
30-07-2023 08:10:07 : Finish getting all eigenvalue-vector pairs.
30-07-2023 08:10:07 : Finish getting maps of [global node index] to [local freedom index].
30-07-2023 08:10:11 : ......10.02%
30-07-2023 08:10:15 : ......20.02%
30-07-2023 08:10:19 : ......30.02%
30-07-2023 08:10:23 : ......40.02%
30-07-2023 08:10:27 : ......50.02%
30-07-2023 08:10:31 : ......60.02%
30-07-2023 08:10:35 : ......70.02%
30-07-2023 08:10:39 : ......80.02%
30-07-2023 08:10:43 : ......90.02%
30-07-2023 08:10:47 : Finish getting the Neumann corrector and multiscale bases.
30-07-2023 08:11:09 : Finish getting the global stiffness matrix and right-hand vector.
30-07-2023 08:11:10 : Finish collecting all the bases in a sparse matrix formation.
30-07-2023 08:11:10 : Finish constructing the final linear system.
30-07-2023 08:11:11 : Finish solving the final linear system.
30-07-2023 08:11:34 : Finish constructing the final linear system of the reference problem.
30-07-2023 08:11:35 : Finish solving the final linear system of the reference problem.
30-07-2023 08:11:35 : Absolute errors: L2-norm:0.014800, energy norm:0.091359
30-07-2023 08:11:35 : Reference L2 norm:0.015544, eg norm:0.235810
30-07-2023 08:11:35 : ~~~~~~~~~~~~~~~~~~~~~~~~~~~~~~~~~~~~~~~~~~~~~~~~~~~~~~~~~~~~~~~~~~~~~~~~~~~~~~~~
30-07-2023 08:11:35 : Get coefficients from the image, set contrast ratio=1.0000e+05
30-07-2023 08:11:35 : Coarse grid:80x80, fine grid:400x400.
30-07-2023 08:11:35 : Coarse grid: [80x80]; fine grid: [400x400]; eigenvalue number: [3]; oversampling layers: [1].
30-07-2023 08:11:45 : Finish getting all eigenvalue-vector pairs.
30-07-2023 08:11:46 : Finish getting maps of [global node index] to [local freedom index].
30-07-2023 08:11:50 : ......10.02%
30-07-2023 08:11:54 : ......20.02%
30-07-2023 08:11:58 : ......30.02%
30-07-2023 08:12:02 : ......40.02%
30-07-2023 08:12:06 : ......50.02%
30-07-2023 08:12:10 : ......60.02%
30-07-2023 08:12:14 : ......70.02%
30-07-2023 08:12:18 : ......80.02%
30-07-2023 08:12:22 : ......90.02%
30-07-2023 08:12:26 : Finish getting the Neumann corrector and multiscale bases.
30-07-2023 08:12:48 : Finish getting the global stiffness matrix and right-hand vector.
30-07-2023 08:12:49 : Finish collecting all the bases in a sparse matrix formation.
30-07-2023 08:12:49 : Finish constructing the final linear system.
30-07-2023 08:12:50 : Finish solving the final linear system.
30-07-2023 08:13:13 : Finish constructing the final linear system of the reference problem.
30-07-2023 08:13:14 : Finish solving the final linear system of the reference problem.
30-07-2023 08:13:14 : Absolute errors: L2-norm:0.014689, energy norm:0.084796
30-07-2023 08:13:14 : Reference L2 norm:0.015412, eg norm:0.232775
30-07-2023 08:13:14 : ~~~~~~~~~~~~~~~~~~~~~~~~~~~~~~~~~~~~~~~~~~~~~~~~~~~~~~~~~~~~~~~~~~~~~~~~~~~~~~~~
30-07-2023 08:13:14 : Get coefficients from the image, set contrast ratio=1.0000e+06
30-07-2023 08:13:14 : Coarse grid:80x80, fine grid:400x400.
30-07-2023 08:13:14 : Coarse grid: [80x80]; fine grid: [400x400]; eigenvalue number: [3]; oversampling layers: [1].
30-07-2023 08:13:24 : Finish getting all eigenvalue-vector pairs.
30-07-2023 08:13:25 : Finish getting maps of [global node index] to [local freedom index].
30-07-2023 08:13:29 : ......10.02%
30-07-2023 08:13:33 : ......20.02%
30-07-2023 08:13:37 : ......30.02%
30-07-2023 08:13:41 : ......40.02%
30-07-2023 08:13:44 : ......50.02%
30-07-2023 08:13:48 : ......60.02%
30-07-2023 08:13:52 : ......70.02%
30-07-2023 08:13:56 : ......80.02%
30-07-2023 08:14:00 : ......90.02%
30-07-2023 08:14:04 : Finish getting the Neumann corrector and multiscale bases.
30-07-2023 08:14:27 : Finish getting the global stiffness matrix and right-hand vector.
30-07-2023 08:14:28 : Finish collecting all the bases in a sparse matrix formation.
30-07-2023 08:14:28 : Finish constructing the final linear system.
30-07-2023 08:14:29 : Finish solving the final linear system.
30-07-2023 08:14:52 : Finish constructing the final linear system of the reference problem.
30-07-2023 08:14:53 : Finish solving the final linear system of the reference problem.
30-07-2023 08:14:53 : Absolute errors: L2-norm:0.014678, energy norm:0.084089
30-07-2023 08:14:53 : Reference L2 norm:0.015399, eg norm:0.232461
30-07-2023 08:14:53 : ~~~~~~~~~~~~~~~~~~~~~~~~~~~~~~~~~~~~~~~~~~~~~~~~~~~~~~~~~~~~~~~~~~~~~~~~~~~~~~~~
30-07-2023 08:14:53 : ~~End of section 2~~

30-07-2023 08:14:53 : Get coefficients from the image, set contrast ratio=1.0000e+04
30-07-2023 08:14:53 : Coarse grid:80x80, fine grid:400x400.
30-07-2023 08:14:53 : Coarse grid: [80x80]; fine grid: [400x400]; eigenvalue number: [1]; oversampling layers: [3].
30-07-2023 08:15:01 : Finish getting all eigenvalue-vector pairs.
30-07-2023 08:15:02 : Finish getting maps of [global node index] to [local freedom index].
30-07-2023 08:15:22 : ......10.02%
30-07-2023 08:15:43 : ......20.02%
30-07-2023 08:16:05 : ......30.02%
30-07-2023 08:16:27 : ......40.02%
30-07-2023 08:16:48 : ......50.02%
30-07-2023 08:17:10 : ......60.02%
30-07-2023 08:17:32 : ......70.02%
30-07-2023 08:17:54 : ......80.02%
30-07-2023 08:18:15 : ......90.02%
30-07-2023 08:18:35 : Finish getting the Neumann corrector and multiscale bases.
30-07-2023 08:18:58 : Finish getting the global stiffness matrix and right-hand vector.
30-07-2023 08:19:00 : Finish collecting all the bases in a sparse matrix formation.
30-07-2023 08:19:00 : Finish constructing the final linear system.
30-07-2023 08:19:01 : Finish solving the final linear system.
30-07-2023 08:19:24 : Finish constructing the final linear system of the reference problem.
30-07-2023 08:19:25 : Finish solving the final linear system of the reference problem.
30-07-2023 08:19:25 : Absolute errors: L2-norm:0.005979, energy norm:0.053081
30-07-2023 08:19:25 : Reference L2 norm:0.015544, eg norm:0.235810
30-07-2023 08:19:25 : Get coefficients from the image, set contrast ratio=1.0000e+04
30-07-2023 08:19:26 : Coarse grid:80x80, fine grid:400x400.
30-07-2023 08:19:26 : Coarse grid: [80x80]; fine grid: [400x400]; eigenvalue number: [2]; oversampling layers: [3].
30-07-2023 08:19:36 : Finish getting all eigenvalue-vector pairs.
30-07-2023 08:19:37 : Finish getting maps of [global node index] to [local freedom index].
30-07-2023 08:19:57 : ......10.02%
30-07-2023 08:20:19 : ......20.02%
30-07-2023 08:20:41 : ......30.02%
30-07-2023 08:21:03 : ......40.02%
30-07-2023 08:21:25 : ......50.02%
30-07-2023 08:21:47 : ......60.02%
30-07-2023 08:22:09 : ......70.02%
30-07-2023 08:22:31 : ......80.02%
30-07-2023 08:22:53 : ......90.02%
30-07-2023 08:23:13 : Finish getting the Neumann corrector and multiscale bases.
30-07-2023 08:23:36 : Finish getting the global stiffness matrix and right-hand vector.
30-07-2023 08:23:39 : Finish collecting all the bases in a sparse matrix formation.
30-07-2023 08:23:41 : Finish constructing the final linear system.
30-07-2023 08:23:43 : Finish solving the final linear system.
30-07-2023 08:24:06 : Finish constructing the final linear system of the reference problem.
30-07-2023 08:24:07 : Finish solving the final linear system of the reference problem.
30-07-2023 08:24:07 : Absolute errors: L2-norm:0.000070, energy norm:0.006162
30-07-2023 08:24:07 : Reference L2 norm:0.015544, eg norm:0.235810
30-07-2023 08:24:07 : Get coefficients from the image, set contrast ratio=1.0000e+04
30-07-2023 08:24:08 : Coarse grid:80x80, fine grid:400x400.
30-07-2023 08:24:08 : Coarse grid: [80x80]; fine grid: [400x400]; eigenvalue number: [3]; oversampling layers: [3].
30-07-2023 08:24:18 : Finish getting all eigenvalue-vector pairs.
30-07-2023 08:24:19 : Finish getting maps of [global node index] to [local freedom index].
30-07-2023 08:24:40 : ......10.02%
30-07-2023 08:25:02 : ......20.02%
30-07-2023 08:25:24 : ......30.02%
30-07-2023 08:25:47 : ......40.02%
30-07-2023 08:26:09 : ......50.02%
30-07-2023 08:26:31 : ......60.02%
30-07-2023 08:26:54 : ......70.02%
30-07-2023 08:27:16 : ......80.02%
30-07-2023 08:27:38 : ......90.02%
30-07-2023 08:27:59 : Finish getting the Neumann corrector and multiscale bases.
30-07-2023 08:28:22 : Finish getting the global stiffness matrix and right-hand vector.
30-07-2023 08:28:26 : Finish collecting all the bases in a sparse matrix formation.
30-07-2023 08:28:29 : Finish constructing the final linear system.
30-07-2023 08:28:33 : Finish solving the final linear system.
30-07-2023 08:28:56 : Finish constructing the final linear system of the reference problem.
30-07-2023 08:28:57 : Finish solving the final linear system of the reference problem.
30-07-2023 08:28:57 : Absolute errors: L2-norm:0.000066, energy norm:0.005809
30-07-2023 08:28:57 : Reference L2 norm:0.015544, eg norm:0.235810
30-07-2023 08:28:57 : Get coefficients from the image, set contrast ratio=1.0000e+04
30-07-2023 08:28:58 : Coarse grid:80x80, fine grid:400x400.
30-07-2023 08:28:58 : Coarse grid: [80x80]; fine grid: [400x400]; eigenvalue number: [4]; oversampling layers: [3].
30-07-2023 08:29:08 : Finish getting all eigenvalue-vector pairs.
30-07-2023 08:29:09 : Finish getting maps of [global node index] to [local freedom index].
30-07-2023 08:29:30 : ......10.02%
30-07-2023 08:29:53 : ......20.02%
30-07-2023 08:30:15 : ......30.02%
30-07-2023 08:30:38 : ......40.02%
30-07-2023 08:31:01 : ......50.02%
30-07-2023 08:31:23 : ......60.02%
30-07-2023 08:31:46 : ......70.02%
30-07-2023 08:32:09 : ......80.02%
30-07-2023 08:32:31 : ......90.02%
30-07-2023 08:32:52 : Finish getting the Neumann corrector and multiscale bases.
30-07-2023 08:33:15 : Finish getting the global stiffness matrix and right-hand vector.
30-07-2023 08:33:21 : Finish collecting all the bases in a sparse matrix formation.
30-07-2023 08:33:26 : Finish constructing the final linear system.
30-07-2023 08:33:32 : Finish solving the final linear system.
30-07-2023 08:33:55 : Finish constructing the final linear system of the reference problem.
30-07-2023 08:33:56 : Finish solving the final linear system of the reference problem.
30-07-2023 08:33:56 : Absolute errors: L2-norm:0.000060, energy norm:0.005580
30-07-2023 08:33:56 : Reference L2 norm:0.015544, eg norm:0.235810
30-07-2023 08:33:56 : ~~End of section 3~~

30-07-2023 08:33:56 : ~END~
18-08-2023 01:45:39 : ================================================================================
18-08-2023 01:45:39 : Start
18-08-2023 01:45:39 : Get coefficients from the image, set contrast ratio=1.0000e+04
18-08-2023 01:45:39 : Coarse grid:20x20, fine grid:400x400.
18-08-2023 01:45:39 : Coarse grid: [20x20]; fine grid: [400x400]; eigenvalue number: [3]; oversampling layers: [1].
18-08-2023 01:45:44 : Finish getting all eigenvalue-vector pairs.
18-08-2023 01:45:45 : Finish getting maps of [global node index] to [local freedom index].
18-08-2023 01:46:25 : ......10.25%
18-08-2023 01:47:10 : ......20.25%
18-08-2023 01:47:55 : ......30.25%
18-08-2023 01:48:40 : ......40.25%
18-08-2023 01:49:28 : ......50.25%
18-08-2023 01:50:00 : ......60.25%
18-08-2023 01:50:32 : ......70.25%
18-08-2023 01:51:03 : ......80.25%
18-08-2023 01:51:35 : ......90.25%
18-08-2023 01:52:00 : Finish getting the Neumann corrector and multiscale bases.
18-08-2023 01:52:32 : Finish getting the global stiffness matrix and right-hand vector.
18-08-2023 01:52:33 : Finish collecting all the bases in a sparse matrix formation.
18-08-2023 01:52:33 : Finish constructing the final linear system.
18-08-2023 01:52:33 : Finish solving the final linear system.
18-08-2023 01:53:06 : Finish constructing the final linear system of the reference problem.
18-08-2023 01:53:07 : Finish solving the final linear system of the reference problem.
18-08-2023 01:53:07 : Absolute errors: L2-norm:0.014577, energy norm:0.085043
18-08-2023 01:53:07 : Reference L2 norm:0.015544, eg norm:0.235810
18-08-2023 01:53:07 : Get coefficients from the image, set contrast ratio=1.0000e+04
18-08-2023 01:53:07 : Coarse grid:20x20, fine grid:400x400.
18-08-2023 01:53:07 : Coarse grid: [20x20]; fine grid: [400x400]; eigenvalue number: [3]; oversampling layers: [2].
18-08-2023 01:53:13 : Finish getting all eigenvalue-vector pairs.
18-08-2023 01:53:13 : Finish getting maps of [global node index] to [local freedom index].
18-08-2023 01:54:21 : ......10.25%
18-08-2023 01:55:53 : ......20.25%
18-08-2023 01:57:24 : ......30.25%
18-08-2023 01:59:01 : ......40.25%
18-08-2023 02:00:39 : ......50.25%
18-08-2023 02:02:16 : ......60.25%
18-08-2023 02:03:54 : ......70.25%
18-08-2023 02:05:56 : ......80.25%
18-08-2023 02:08:07 : ......90.25%
18-08-2023 02:09:35 : Finish getting the Neumann corrector and multiscale bases.
18-08-2023 02:10:30 : Finish getting the global stiffness matrix and right-hand vector.
18-08-2023 02:10:34 : Finish collecting all the bases in a sparse matrix formation.
18-08-2023 02:10:36 : Finish constructing the final linear system.
18-08-2023 02:10:36 : Finish solving the final linear system.
18-08-2023 02:11:30 : Finish constructing the final linear system of the reference problem.
18-08-2023 02:11:33 : Finish solving the final linear system of the reference problem.
18-08-2023 02:11:33 : Absolute errors: L2-norm:0.001656, energy norm:0.028329
18-08-2023 02:11:33 : Reference L2 norm:0.015544, eg norm:0.235810
18-08-2023 02:11:33 : Get coefficients from the image, set contrast ratio=1.0000e+04
18-08-2023 02:11:33 : Coarse grid:20x20, fine grid:400x400.
18-08-2023 02:11:33 : Coarse grid: [20x20]; fine grid: [400x400]; eigenvalue number: [3]; oversampling layers: [3].
18-08-2023 02:11:41 : Finish getting all eigenvalue-vector pairs.
18-08-2023 02:11:42 : Finish getting maps of [global node index] to [local freedom index].
18-08-2023 02:14:36 : ......10.25%
18-08-2023 02:18:38 : ......20.25%
18-08-2023 02:22:55 : ......30.25%
18-08-2023 02:27:13 : ......40.25%
18-08-2023 02:31:30 : ......50.25%
18-08-2023 02:35:47 : ......60.25%
18-08-2023 02:40:06 : ......70.25%
18-08-2023 02:43:09 : ......80.25%
18-08-2023 02:45:26 : ......90.25%
18-08-2023 02:47:22 : Finish getting the Neumann corrector and multiscale bases.
18-08-2023 02:47:48 : Finish getting the global stiffness matrix and right-hand vector.
18-08-2023 02:47:53 : Finish collecting all the bases in a sparse matrix formation.
18-08-2023 02:47:56 : Finish constructing the final linear system.
18-08-2023 02:47:56 : Finish solving the final linear system.
18-08-2023 02:48:21 : Finish constructing the final linear system of the reference problem.
18-08-2023 02:48:22 : Finish solving the final linear system of the reference problem.
18-08-2023 02:48:22 : Absolute errors: L2-norm:0.000057, energy norm:0.005065
18-08-2023 02:48:22 : Reference L2 norm:0.015544, eg norm:0.235810
18-08-2023 02:48:22 : Get coefficients from the image, set contrast ratio=1.0000e+04
18-08-2023 02:48:23 : Coarse grid:20x20, fine grid:400x400.
18-08-2023 02:48:23 : Coarse grid: [20x20]; fine grid: [400x400]; eigenvalue number: [3]; oversampling layers: [4].
18-08-2023 02:48:27 : Finish getting all eigenvalue-vector pairs.
18-08-2023 02:48:28 : Finish getting maps of [global node index] to [local freedom index].
18-08-2023 02:50:59 : ......10.25%
18-08-2023 02:54:16 : ......20.25%
18-08-2023 02:58:10 : ......30.25%
18-08-2023 03:02:09 : ......40.25%
18-08-2023 03:06:03 : ......50.25%
18-08-2023 03:09:58 : ......60.25%
18-08-2023 03:16:14 : ......70.25%
18-08-2023 03:23:34 : ......80.25%
18-08-2023 03:29:31 : ......90.25%
18-08-2023 03:33:45 : Finish getting the Neumann corrector and multiscale bases.
18-08-2023 03:34:41 : Finish getting the global stiffness matrix and right-hand vector.
18-08-2023 03:34:55 : Finish collecting all the bases in a sparse matrix formation.
18-08-2023 03:35:07 : Finish constructing the final linear system.
18-08-2023 03:35:07 : Finish solving the final linear system.
18-08-2023 03:36:03 : Finish constructing the final linear system of the reference problem.
18-08-2023 03:36:06 : Finish solving the final linear system of the reference problem.
18-08-2023 03:36:06 : Absolute errors: L2-norm:0.000057, energy norm:0.004987
18-08-2023 03:36:06 : Reference L2 norm:0.015544, eg norm:0.235810
18-08-2023 03:36:06 : ~~~~~~~~~~~~~~~~~~~~~~~~~~~~~~~~~~~~~~~~~~~~~~~~~~~~~~~~~~~~~~~~~~~~~~~~~~~~~~~~
18-08-2023 03:36:06 : Get coefficients from the image, set contrast ratio=1.0000e+04
18-08-2023 03:36:06 : Coarse grid:40x40, fine grid:400x400.
18-08-2023 03:36:06 : Coarse grid: [40x40]; fine grid: [400x400]; eigenvalue number: [3]; oversampling layers: [1].
18-08-2023 03:36:18 : Finish getting all eigenvalue-vector pairs.
18-08-2023 03:36:18 : Finish getting maps of [global node index] to [local freedom index].
18-08-2023 03:36:32 : ......10.06%
18-08-2023 03:36:47 : ......20.06%
18-08-2023 03:37:02 : ......30.06%
18-08-2023 03:37:17 : ......40.06%
18-08-2023 03:37:32 : ......50.06%
18-08-2023 03:37:46 : ......60.06%
18-08-2023 03:38:01 : ......70.06%
18-08-2023 03:38:16 : ......80.06%
18-08-2023 03:38:31 : ......90.06%
18-08-2023 03:38:45 : Finish getting the Neumann corrector and multiscale bases.
18-08-2023 03:39:40 : Finish getting the global stiffness matrix and right-hand vector.
18-08-2023 03:39:42 : Finish collecting all the bases in a sparse matrix formation.
18-08-2023 03:39:42 : Finish constructing the final linear system.
18-08-2023 03:39:42 : Finish solving the final linear system.
18-08-2023 03:40:39 : Finish constructing the final linear system of the reference problem.
18-08-2023 03:40:41 : Finish solving the final linear system of the reference problem.
18-08-2023 03:40:41 : Absolute errors: L2-norm:0.014700, energy norm:0.087863
18-08-2023 03:40:41 : Reference L2 norm:0.015544, eg norm:0.235810
18-08-2023 03:40:41 : Get coefficients from the image, set contrast ratio=1.0000e+04
18-08-2023 03:40:41 : Coarse grid:40x40, fine grid:400x400.
18-08-2023 03:40:41 : Coarse grid: [40x40]; fine grid: [400x400]; eigenvalue number: [3]; oversampling layers: [2].
18-08-2023 03:40:52 : Finish getting all eigenvalue-vector pairs.
18-08-2023 03:40:53 : Finish getting maps of [global node index] to [local freedom index].
18-08-2023 03:41:31 : ......10.06%
18-08-2023 03:42:15 : ......20.06%
18-08-2023 03:42:59 : ......30.06%
18-08-2023 03:43:44 : ......40.06%
18-08-2023 03:44:28 : ......50.06%
18-08-2023 03:45:12 : ......60.06%
18-08-2023 03:45:56 : ......70.06%
18-08-2023 03:46:41 : ......80.06%
18-08-2023 03:47:24 : ......90.06%
18-08-2023 03:48:03 : Finish getting the Neumann corrector and multiscale bases.
18-08-2023 03:48:58 : Finish getting the global stiffness matrix and right-hand vector.
18-08-2023 03:49:03 : Finish collecting all the bases in a sparse matrix formation.
18-08-2023 03:49:05 : Finish constructing the final linear system.
18-08-2023 03:49:05 : Finish solving the final linear system.
18-08-2023 03:50:01 : Finish constructing the final linear system of the reference problem.
18-08-2023 03:50:04 : Finish solving the final linear system of the reference problem.
18-08-2023 03:50:04 : Absolute errors: L2-norm:0.005510, energy norm:0.050964
18-08-2023 03:50:04 : Reference L2 norm:0.015544, eg norm:0.235810
18-08-2023 03:50:04 : Get coefficients from the image, set contrast ratio=1.0000e+04
18-08-2023 03:50:04 : Coarse grid:40x40, fine grid:400x400.
18-08-2023 03:50:04 : Coarse grid: [40x40]; fine grid: [400x400]; eigenvalue number: [3]; oversampling layers: [3].
18-08-2023 03:50:15 : Finish getting all eigenvalue-vector pairs.
18-08-2023 03:50:17 : Finish getting maps of [global node index] to [local freedom index].
18-08-2023 03:51:29 : ......10.06%
18-08-2023 03:52:59 : ......20.06%
18-08-2023 03:54:27 : ......30.06%
18-08-2023 03:55:55 : ......40.06%
18-08-2023 03:57:23 : ......50.06%
18-08-2023 03:58:51 : ......60.06%
18-08-2023 04:00:20 : ......70.06%
18-08-2023 04:01:50 : ......80.06%
18-08-2023 04:03:19 : ......90.06%
18-08-2023 04:04:28 : Finish getting the Neumann corrector and multiscale bases.
18-08-2023 04:05:23 : Finish getting the global stiffness matrix and right-hand vector.
18-08-2023 04:05:32 : Finish collecting all the bases in a sparse matrix formation.
18-08-2023 04:05:37 : Finish constructing the final linear system.
18-08-2023 04:05:38 : Finish solving the final linear system.
18-08-2023 04:06:33 : Finish constructing the final linear system of the reference problem.
18-08-2023 04:06:35 : Finish solving the final linear system of the reference problem.
18-08-2023 04:06:35 : Absolute errors: L2-norm:0.000022, energy norm:0.003455
18-08-2023 04:06:35 : Reference L2 norm:0.015544, eg norm:0.235810
18-08-2023 04:06:35 : Get coefficients from the image, set contrast ratio=1.0000e+04
18-08-2023 04:06:35 : Coarse grid:40x40, fine grid:400x400.
18-08-2023 04:06:35 : Coarse grid: [40x40]; fine grid: [400x400]; eigenvalue number: [3]; oversampling layers: [4].
18-08-2023 04:06:46 : Finish getting all eigenvalue-vector pairs.
18-08-2023 04:06:49 : Finish getting maps of [global node index] to [local freedom index].
18-08-2023 04:08:36 : ......10.06%
18-08-2023 04:11:00 : ......20.06%
18-08-2023 04:13:30 : ......30.06%
18-08-2023 04:16:01 : ......40.06%
18-08-2023 04:18:37 : ......50.06%
18-08-2023 04:21:13 : ......60.06%
18-08-2023 04:23:48 : ......70.06%
18-08-2023 04:26:21 : ......80.06%
18-08-2023 04:28:55 : ......90.06%
18-08-2023 04:30:45 : Finish getting the Neumann corrector and multiscale bases.
18-08-2023 04:31:43 : Finish getting the global stiffness matrix and right-hand vector.
18-08-2023 04:31:59 : Finish collecting all the bases in a sparse matrix formation.
18-08-2023 04:32:14 : Finish constructing the final linear system.
18-08-2023 04:32:15 : Finish solving the final linear system.
18-08-2023 04:33:13 : Finish constructing the final linear system of the reference problem.
18-08-2023 04:33:16 : Finish solving the final linear system of the reference problem.
18-08-2023 04:33:16 : Absolute errors: L2-norm:0.000018, energy norm:0.002532
18-08-2023 04:33:16 : Reference L2 norm:0.015544, eg norm:0.235810
18-08-2023 04:33:16 : ~~~~~~~~~~~~~~~~~~~~~~~~~~~~~~~~~~~~~~~~~~~~~~~~~~~~~~~~~~~~~~~~~~~~~~~~~~~~~~~~
18-08-2023 04:33:16 : Get coefficients from the image, set contrast ratio=1.0000e+04
18-08-2023 04:33:17 : Coarse grid:80x80, fine grid:400x400.
18-08-2023 04:33:17 : Coarse grid: [80x80]; fine grid: [400x400]; eigenvalue number: [3]; oversampling layers: [1].
18-08-2023 04:33:45 : Finish getting all eigenvalue-vector pairs.
18-08-2023 04:33:45 : Finish getting maps of [global node index] to [local freedom index].
18-08-2023 04:33:54 : ......10.02%
18-08-2023 04:34:03 : ......20.02%
18-08-2023 04:34:11 : ......30.02%
18-08-2023 04:34:20 : ......40.02%
18-08-2023 04:34:29 : ......50.02%
18-08-2023 04:34:37 : ......60.02%
18-08-2023 04:34:46 : ......70.02%
18-08-2023 04:34:55 : ......80.02%
18-08-2023 04:35:03 : ......90.02%
18-08-2023 04:35:12 : Finish getting the Neumann corrector and multiscale bases.
18-08-2023 04:36:11 : Finish getting the global stiffness matrix and right-hand vector.
18-08-2023 04:36:13 : Finish collecting all the bases in a sparse matrix formation.
18-08-2023 04:36:13 : Finish constructing the final linear system.
18-08-2023 04:36:14 : Finish solving the final linear system.
18-08-2023 04:37:14 : Finish constructing the final linear system of the reference problem.
18-08-2023 04:37:16 : Finish solving the final linear system of the reference problem.
18-08-2023 04:37:16 : Absolute errors: L2-norm:0.014800, energy norm:0.091359
18-08-2023 04:37:16 : Reference L2 norm:0.015544, eg norm:0.235810
18-08-2023 04:37:16 : Get coefficients from the image, set contrast ratio=1.0000e+04
18-08-2023 04:37:16 : Coarse grid:80x80, fine grid:400x400.
18-08-2023 04:37:16 : Coarse grid: [80x80]; fine grid: [400x400]; eigenvalue number: [3]; oversampling layers: [2].
18-08-2023 04:37:45 : Finish getting all eigenvalue-vector pairs.
18-08-2023 04:37:46 : Finish getting maps of [global node index] to [local freedom index].
18-08-2023 04:38:08 : ......10.02%
18-08-2023 04:38:32 : ......20.02%
18-08-2023 04:38:56 : ......30.02%
18-08-2023 04:39:20 : ......40.02%
18-08-2023 04:39:44 : ......50.02%
18-08-2023 04:40:08 : ......60.02%
18-08-2023 04:40:32 : ......70.02%
18-08-2023 04:40:56 : ......80.02%
18-08-2023 04:41:20 : ......90.02%
18-08-2023 04:41:42 : Finish getting the Neumann corrector and multiscale bases.
18-08-2023 04:42:41 : Finish getting the global stiffness matrix and right-hand vector.
18-08-2023 04:42:46 : Finish collecting all the bases in a sparse matrix formation.
18-08-2023 04:42:48 : Finish constructing the final linear system.
18-08-2023 04:42:52 : Finish solving the final linear system.
18-08-2023 04:43:53 : Finish constructing the final linear system of the reference problem.
18-08-2023 04:43:55 : Finish solving the final linear system of the reference problem.
18-08-2023 04:43:55 : Absolute errors: L2-norm:0.011192, energy norm:0.072630
18-08-2023 04:43:55 : Reference L2 norm:0.015544, eg norm:0.235810
18-08-2023 04:43:55 : Get coefficients from the image, set contrast ratio=1.0000e+04
18-08-2023 04:43:56 : Coarse grid:80x80, fine grid:400x400.
18-08-2023 04:43:56 : Coarse grid: [80x80]; fine grid: [400x400]; eigenvalue number: [3]; oversampling layers: [3].
18-08-2023 04:44:24 : Finish getting all eigenvalue-vector pairs.
18-08-2023 04:44:26 : Finish getting maps of [global node index] to [local freedom index].
18-08-2023 04:45:10 : ......10.02%
18-08-2023 04:45:57 : ......20.02%
18-08-2023 04:46:44 : ......30.02%
18-08-2023 04:47:30 : ......40.02%
18-08-2023 04:48:16 : ......50.02%
18-08-2023 04:49:03 : ......60.02%
18-08-2023 04:49:51 : ......70.02%
18-08-2023 04:50:39 : ......80.02%
18-08-2023 04:51:26 : ......90.02%
18-08-2023 04:52:11 : Finish getting the Neumann corrector and multiscale bases.
18-08-2023 04:53:09 : Finish getting the global stiffness matrix and right-hand vector.
18-08-2023 04:53:19 : Finish collecting all the bases in a sparse matrix formation.
18-08-2023 04:53:26 : Finish constructing the final linear system.
18-08-2023 04:53:34 : Finish solving the final linear system.
18-08-2023 04:54:33 : Finish constructing the final linear system of the reference problem.
18-08-2023 04:54:36 : Finish solving the final linear system of the reference problem.
18-08-2023 04:54:36 : Absolute errors: L2-norm:0.000066, energy norm:0.005809
18-08-2023 04:54:36 : Reference L2 norm:0.015544, eg norm:0.235810
18-08-2023 04:54:36 : Get coefficients from the image, set contrast ratio=1.0000e+04
18-08-2023 04:54:37 : Coarse grid:80x80, fine grid:400x400.
18-08-2023 04:54:37 : Coarse grid: [80x80]; fine grid: [400x400]; eigenvalue number: [3]; oversampling layers: [4].
18-08-2023 04:55:05 : Finish getting all eigenvalue-vector pairs.
18-08-2023 04:55:09 : Finish getting maps of [global node index] to [local freedom index].
18-08-2023 04:56:20 : ......10.02%
18-08-2023 04:57:39 : ......20.02%
18-08-2023 04:59:00 : ......30.02%
18-08-2023 05:00:20 : ......40.02%
18-08-2023 05:01:40 : ......50.02%
18-08-2023 05:03:01 : ......60.02%
18-08-2023 05:04:20 : ......70.02%
18-08-2023 05:05:39 : ......80.02%
18-08-2023 05:06:58 : ......90.02%
18-08-2023 05:08:10 : Finish getting the Neumann corrector and multiscale bases.
18-08-2023 05:09:08 : Finish getting the global stiffness matrix and right-hand vector.
18-08-2023 05:09:25 : Finish collecting all the bases in a sparse matrix formation.
18-08-2023 05:09:41 : Finish constructing the final linear system.
18-08-2023 05:09:54 : Finish solving the final linear system.
18-08-2023 05:10:53 : Finish constructing the final linear system of the reference problem.
18-08-2023 05:10:55 : Finish solving the final linear system of the reference problem.
18-08-2023 05:10:55 : Absolute errors: L2-norm:0.000008, energy norm:0.001736
18-08-2023 05:10:55 : Reference L2 norm:0.015544, eg norm:0.235810
18-08-2023 05:10:55 : ~~~~~~~~~~~~~~~~~~~~~~~~~~~~~~~~~~~~~~~~~~~~~~~~~~~~~~~~~~~~~~~~~~~~~~~~~~~~~~~~
18-08-2023 05:10:55 : ~~End of section 1~~

18-08-2023 05:10:55 : Get coefficients from the image, set contrast ratio=1.0000e+03
18-08-2023 05:10:56 : Coarse grid:80x80, fine grid:400x400.
18-08-2023 05:10:56 : Coarse grid: [80x80]; fine grid: [400x400]; eigenvalue number: [3]; oversampling layers: [1].
18-08-2023 05:11:24 : Finish getting all eigenvalue-vector pairs.
18-08-2023 05:11:24 : Finish getting maps of [global node index] to [local freedom index].
18-08-2023 05:11:33 : ......10.02%
18-08-2023 05:11:41 : ......20.02%
18-08-2023 05:11:50 : ......30.02%
18-08-2023 05:11:58 : ......40.02%
18-08-2023 05:12:07 : ......50.02%
18-08-2023 05:12:16 : ......60.02%
18-08-2023 05:12:25 : ......70.02%
18-08-2023 05:12:34 : ......80.02%
18-08-2023 05:12:42 : ......90.02%
18-08-2023 05:12:51 : Finish getting the Neumann corrector and multiscale bases.
18-08-2023 05:13:49 : Finish getting the global stiffness matrix and right-hand vector.
18-08-2023 05:13:51 : Finish collecting all the bases in a sparse matrix formation.
18-08-2023 05:13:51 : Finish constructing the final linear system.
18-08-2023 05:13:52 : Finish solving the final linear system.
18-08-2023 05:14:50 : Finish constructing the final linear system of the reference problem.
18-08-2023 05:15:03 : Finish solving the final linear system of the reference problem.
18-08-2023 05:15:03 : Absolute errors: L2-norm:0.015931, energy norm:0.133180
18-08-2023 05:15:03 : Reference L2 norm:0.016873, eg norm:0.259732
18-08-2023 05:15:03 : ~~~~~~~~~~~~~~~~~~~~~~~~~~~~~~~~~~~~~~~~~~~~~~~~~~~~~~~~~~~~~~~~~~~~~~~~~~~~~~~~
18-08-2023 05:15:03 : Get coefficients from the image, set contrast ratio=1.0000e+04
18-08-2023 05:15:04 : Coarse grid:80x80, fine grid:400x400.
18-08-2023 05:15:04 : Coarse grid: [80x80]; fine grid: [400x400]; eigenvalue number: [3]; oversampling layers: [1].
18-08-2023 05:15:31 : Finish getting all eigenvalue-vector pairs.
18-08-2023 05:15:32 : Finish getting maps of [global node index] to [local freedom index].
18-08-2023 05:15:40 : ......10.02%
18-08-2023 05:15:49 : ......20.02%
18-08-2023 05:15:58 : ......30.02%
18-08-2023 05:16:06 : ......40.02%
18-08-2023 05:16:14 : ......50.02%
18-08-2023 05:16:23 : ......60.02%
18-08-2023 05:16:31 : ......70.02%
18-08-2023 05:16:40 : ......80.02%
18-08-2023 05:16:48 : ......90.02%
18-08-2023 05:16:57 : Finish getting the Neumann corrector and multiscale bases.
18-08-2023 05:17:55 : Finish getting the global stiffness matrix and right-hand vector.
18-08-2023 05:17:57 : Finish collecting all the bases in a sparse matrix formation.
18-08-2023 05:17:58 : Finish constructing the final linear system.
18-08-2023 05:17:59 : Finish solving the final linear system.
18-08-2023 05:18:59 : Finish constructing the final linear system of the reference problem.
18-08-2023 05:19:01 : Finish solving the final linear system of the reference problem.
18-08-2023 05:19:01 : Absolute errors: L2-norm:0.014800, energy norm:0.091359
18-08-2023 05:19:01 : Reference L2 norm:0.015544, eg norm:0.235810
18-08-2023 05:19:01 : ~~~~~~~~~~~~~~~~~~~~~~~~~~~~~~~~~~~~~~~~~~~~~~~~~~~~~~~~~~~~~~~~~~~~~~~~~~~~~~~~
18-08-2023 05:19:01 : Get coefficients from the image, set contrast ratio=1.0000e+05
18-08-2023 05:19:01 : Coarse grid:80x80, fine grid:400x400.
18-08-2023 05:19:01 : Coarse grid: [80x80]; fine grid: [400x400]; eigenvalue number: [3]; oversampling layers: [1].
18-08-2023 05:19:29 : Finish getting all eigenvalue-vector pairs.
18-08-2023 05:19:30 : Finish getting maps of [global node index] to [local freedom index].
18-08-2023 05:19:38 : ......10.02%
18-08-2023 05:19:47 : ......20.02%
18-08-2023 05:19:56 : ......30.02%
18-08-2023 05:20:05 : ......40.02%
18-08-2023 05:20:13 : ......50.02%
18-08-2023 05:20:22 : ......60.02%
18-08-2023 05:20:31 : ......70.02%
18-08-2023 05:20:40 : ......80.02%
18-08-2023 05:20:49 : ......90.02%
18-08-2023 05:20:58 : Finish getting the Neumann corrector and multiscale bases.
18-08-2023 05:21:56 : Finish getting the global stiffness matrix and right-hand vector.
18-08-2023 05:21:58 : Finish collecting all the bases in a sparse matrix formation.
18-08-2023 05:21:58 : Finish constructing the final linear system.
18-08-2023 05:21:59 : Finish solving the final linear system.
18-08-2023 05:22:57 : Finish constructing the final linear system of the reference problem.
18-08-2023 05:23:00 : Finish solving the final linear system of the reference problem.
18-08-2023 05:23:00 : Absolute errors: L2-norm:0.014689, energy norm:0.084796
18-08-2023 05:23:00 : Reference L2 norm:0.015412, eg norm:0.232775
18-08-2023 05:23:00 : ~~~~~~~~~~~~~~~~~~~~~~~~~~~~~~~~~~~~~~~~~~~~~~~~~~~~~~~~~~~~~~~~~~~~~~~~~~~~~~~~
18-08-2023 05:23:00 : Get coefficients from the image, set contrast ratio=1.0000e+06
18-08-2023 05:23:00 : Coarse grid:80x80, fine grid:400x400.
18-08-2023 05:23:00 : Coarse grid: [80x80]; fine grid: [400x400]; eigenvalue number: [3]; oversampling layers: [1].
18-08-2023 05:23:28 : Finish getting all eigenvalue-vector pairs.
18-08-2023 05:23:28 : Finish getting maps of [global node index] to [local freedom index].
18-08-2023 05:23:37 : ......10.02%
18-08-2023 05:23:46 : ......20.02%
18-08-2023 05:23:55 : ......30.02%
18-08-2023 05:24:04 : ......40.02%
18-08-2023 05:24:13 : ......50.02%
18-08-2023 05:24:21 : ......60.02%
18-08-2023 05:24:30 : ......70.02%
18-08-2023 05:24:38 : ......80.02%
18-08-2023 05:24:47 : ......90.02%
18-08-2023 05:24:56 : Finish getting the Neumann corrector and multiscale bases.
18-08-2023 05:25:53 : Finish getting the global stiffness matrix and right-hand vector.
18-08-2023 05:25:55 : Finish collecting all the bases in a sparse matrix formation.
18-08-2023 05:25:55 : Finish constructing the final linear system.
18-08-2023 05:25:56 : Finish solving the final linear system.
18-08-2023 05:26:55 : Finish constructing the final linear system of the reference problem.
18-08-2023 05:26:57 : Finish solving the final linear system of the reference problem.
18-08-2023 05:26:57 : Absolute errors: L2-norm:0.014678, energy norm:0.084089
18-08-2023 05:26:57 : Reference L2 norm:0.015399, eg norm:0.232461
18-08-2023 05:26:57 : ~~~~~~~~~~~~~~~~~~~~~~~~~~~~~~~~~~~~~~~~~~~~~~~~~~~~~~~~~~~~~~~~~~~~~~~~~~~~~~~~
18-08-2023 05:26:57 : ~~End of section 2~~

18-08-2023 05:26:57 : Get coefficients from the image, set contrast ratio=1.0000e+04
18-08-2023 05:26:57 : Coarse grid:80x80, fine grid:400x400.
18-08-2023 05:26:57 : Coarse grid: [80x80]; fine grid: [400x400]; eigenvalue number: [1]; oversampling layers: [3].
18-08-2023 05:27:18 : Finish getting all eigenvalue-vector pairs.
18-08-2023 05:27:20 : Finish getting maps of [global node index] to [local freedom index].
18-08-2023 05:28:02 : ......10.02%
18-08-2023 05:28:47 : ......20.02%
18-08-2023 05:29:33 : ......30.02%
18-08-2023 05:30:18 : ......40.02%
18-08-2023 05:31:02 : ......50.02%
18-08-2023 05:31:46 : ......60.02%
18-08-2023 05:32:32 : ......70.02%
18-08-2023 05:33:18 : ......80.02%
18-08-2023 05:34:04 : ......90.02%
18-08-2023 05:34:45 : Finish getting the Neumann corrector and multiscale bases.
18-08-2023 05:35:43 : Finish getting the global stiffness matrix and right-hand vector.
18-08-2023 05:35:46 : Finish collecting all the bases in a sparse matrix formation.
18-08-2023 05:35:47 : Finish constructing the final linear system.
18-08-2023 05:35:49 : Finish solving the final linear system.
18-08-2023 05:36:48 : Finish constructing the final linear system of the reference problem.
18-08-2023 05:36:50 : Finish solving the final linear system of the reference problem.
18-08-2023 05:36:50 : Absolute errors: L2-norm:0.005979, energy norm:0.053081
18-08-2023 05:36:50 : Reference L2 norm:0.015544, eg norm:0.235810
18-08-2023 05:36:50 : Get coefficients from the image, set contrast ratio=1.0000e+04
18-08-2023 05:36:51 : Coarse grid:80x80, fine grid:400x400.
18-08-2023 05:36:51 : Coarse grid: [80x80]; fine grid: [400x400]; eigenvalue number: [2]; oversampling layers: [3].
18-08-2023 05:37:17 : Finish getting all eigenvalue-vector pairs.
18-08-2023 05:37:19 : Finish getting maps of [global node index] to [local freedom index].
18-08-2023 05:38:01 : ......10.02%
18-08-2023 05:38:46 : ......20.02%
18-08-2023 05:39:32 : ......30.02%
18-08-2023 05:40:18 : ......40.02%
18-08-2023 05:41:03 : ......50.02%
18-08-2023 05:41:48 : ......60.02%
18-08-2023 05:42:34 : ......70.02%
18-08-2023 05:43:21 : ......80.02%
18-08-2023 05:44:07 : ......90.02%
18-08-2023 05:44:50 : Finish getting the Neumann corrector and multiscale bases.
18-08-2023 05:45:47 : Finish getting the global stiffness matrix and right-hand vector.
18-08-2023 05:45:54 : Finish collecting all the bases in a sparse matrix formation.
18-08-2023 05:45:57 : Finish constructing the final linear system.
18-08-2023 05:46:02 : Finish solving the final linear system.
18-08-2023 05:46:59 : Finish constructing the final linear system of the reference problem.
18-08-2023 05:47:02 : Finish solving the final linear system of the reference problem.
18-08-2023 05:47:02 : Absolute errors: L2-norm:0.000070, energy norm:0.006162
18-08-2023 05:47:02 : Reference L2 norm:0.015544, eg norm:0.235810
18-08-2023 05:47:02 : Get coefficients from the image, set contrast ratio=1.0000e+04
18-08-2023 05:47:02 : Coarse grid:80x80, fine grid:400x400.
18-08-2023 05:47:02 : Coarse grid: [80x80]; fine grid: [400x400]; eigenvalue number: [3]; oversampling layers: [3].
18-08-2023 05:47:30 : Finish getting all eigenvalue-vector pairs.
18-08-2023 05:47:32 : Finish getting maps of [global node index] to [local freedom index].
18-08-2023 05:48:14 : ......10.02%
18-08-2023 05:49:00 : ......20.02%
18-08-2023 05:49:47 : ......30.02%
18-08-2023 05:50:34 : ......40.02%
18-08-2023 05:51:20 : ......50.02%
18-08-2023 05:52:06 : ......60.02%
18-08-2023 05:52:53 : ......70.02%
18-08-2023 05:53:40 : ......80.02%
18-08-2023 05:54:26 : ......90.02%
18-08-2023 05:55:09 : Finish getting the Neumann corrector and multiscale bases.
18-08-2023 05:56:06 : Finish getting the global stiffness matrix and right-hand vector.
18-08-2023 05:56:16 : Finish collecting all the bases in a sparse matrix formation.
18-08-2023 05:56:22 : Finish constructing the final linear system.
18-08-2023 05:56:30 : Finish solving the final linear system.
18-08-2023 05:57:29 : Finish constructing the final linear system of the reference problem.
18-08-2023 05:57:32 : Finish solving the final linear system of the reference problem.
18-08-2023 05:57:32 : Absolute errors: L2-norm:0.000066, energy norm:0.005809
18-08-2023 05:57:32 : Reference L2 norm:0.015544, eg norm:0.235810
18-08-2023 05:57:32 : Get coefficients from the image, set contrast ratio=1.0000e+04
18-08-2023 05:57:33 : Coarse grid:80x80, fine grid:400x400.
18-08-2023 05:57:33 : Coarse grid: [80x80]; fine grid: [400x400]; eigenvalue number: [4]; oversampling layers: [3].
18-08-2023 05:58:02 : Finish getting all eigenvalue-vector pairs.
18-08-2023 05:58:03 : Finish getting maps of [global node index] to [local freedom index].
18-08-2023 05:58:47 : ......10.02%
18-08-2023 05:59:35 : ......20.02%
18-08-2023 06:00:22 : ......30.02%
18-08-2023 06:01:09 : ......40.02%
18-08-2023 06:01:56 : ......50.02%
18-08-2023 06:02:44 : ......60.02%
18-08-2023 06:03:31 : ......70.02%
18-08-2023 06:04:18 : ......80.02%
18-08-2023 06:05:05 : ......90.02%
18-08-2023 06:05:48 : Finish getting the Neumann corrector and multiscale bases.
18-08-2023 06:06:47 : Finish getting the global stiffness matrix and right-hand vector.
18-08-2023 06:07:01 : Finish collecting all the bases in a sparse matrix formation.
18-08-2023 06:07:11 : Finish constructing the final linear system.
18-08-2023 06:07:25 : Finish solving the final linear system.
18-08-2023 06:08:24 : Finish constructing the final linear system of the reference problem.
18-08-2023 06:08:27 : Finish solving the final linear system of the reference problem.
18-08-2023 06:08:27 : Absolute errors: L2-norm:0.000060, energy norm:0.005580
18-08-2023 06:08:27 : Reference L2 norm:0.015544, eg norm:0.235810
18-08-2023 06:08:27 : ~~End of section 3~~

18-08-2023 06:08:27 : ~END~
