30-07-2023 05:31:16 : ================================================================================
30-07-2023 05:31:16 : Start
30-07-2023 05:31:16 : Get coefficients from the image, set contrast ratio=1.0000e+04
30-07-2023 05:31:16 : Coarse grid:20x20, fine grid:400x400.
30-07-2023 05:32:21 : ================================================================================
30-07-2023 05:32:21 : Start
30-07-2023 05:32:21 : Get coefficients from the image, set contrast ratio=1.0000e+04
30-07-2023 05:32:21 : Coarse grid:20x20, fine grid:400x400.
30-07-2023 05:32:47 : Lambda=1.763144
30-07-2023 05:33:04 : ......10.25%
30-07-2023 05:33:26 : ......20.25%
30-07-2023 05:33:58 : ......30.25%
30-07-2023 05:34:29 : ......40.25%
30-07-2023 05:35:01 : ......50.25%
30-07-2023 05:35:30 : ......60.25%
30-07-2023 05:36:00 : ......70.25%
30-07-2023 05:36:32 : ......80.25%
30-07-2023 05:37:04 : ......90.25%
30-07-2023 05:37:30 : Finish section 1-1, layers=1.
30-07-2023 05:38:40 : ......10.25%
30-07-2023 05:40:01 : ......20.25%
30-07-2023 05:41:30 : ......30.25%
30-07-2023 05:43:01 : ......40.25%
30-07-2023 05:44:34 : ......50.25%
30-07-2023 05:46:03 : ......60.25%
30-07-2023 05:47:19 : ......70.25%
30-07-2023 05:48:44 : ......80.25%
30-07-2023 05:50:02 : ......90.25%
30-07-2023 06:09:53 : Finish section 1-2, layers=2.
30-07-2023 06:11:16 : ......10.25%
30-07-2023 06:13:10 : ......20.25%
30-07-2023 06:15:11 : ......30.25%
30-07-2023 06:17:12 : ......40.25%
30-07-2023 06:19:14 : ......50.25%
30-07-2023 06:21:15 : ......60.25%
30-07-2023 06:23:16 : ......70.25%
30-07-2023 06:25:17 : ......80.25%
30-07-2023 06:27:09 : ......90.25%
30-07-2023 06:28:24 : Finish section 1-3, layers=3.
30-07-2023 06:30:32 : ......10.25%
30-07-2023 06:33:19 : ......20.25%
30-07-2023 06:36:27 : ......30.25%
30-07-2023 06:39:29 : ......40.25%
30-07-2023 06:42:32 : ......50.25%
30-07-2023 06:45:34 : ......60.25%
30-07-2023 06:48:35 : ......70.25%
30-07-2023 06:51:37 : ......80.25%
30-07-2023 06:54:07 : ......90.25%
30-07-2023 06:55:55 : Finish section 1-4, layers=4.
30-07-2023 06:56:22 : Finish reference section 1-4.
30-07-2023 06:56:22 : Reference L2 norm:0.002494, eg norm:0.214521
30-07-2023 06:56:22 : L2-norm errors:0.000019  0.000000  0.000000  0.000000
30-07-2023 06:56:22 : H1-norm errors:0.001949  0.000032  0.000001  0.000000
30-07-2023 06:56:22 : Get coefficients from the image, set contrast ratio=1.0000e+05
30-07-2023 06:56:23 : Coarse grid:20x20, fine grid:400x400.
30-07-2023 06:56:51 : Lambda=1.763296
30-07-2023 06:57:09 : ......10.25%
30-07-2023 06:57:29 : ......20.25%
30-07-2023 06:57:49 : ......30.25%
30-07-2023 06:58:08 : ......40.25%
30-07-2023 06:58:28 : ......50.25%
30-07-2023 06:58:48 : ......60.25%
30-07-2023 06:59:07 : ......70.25%
30-07-2023 06:59:27 : ......80.25%
30-07-2023 06:59:47 : ......90.25%
30-07-2023 07:00:03 : Finish section 2-1, layers=1.
30-07-2023 07:00:46 : ......10.25%
30-07-2023 07:01:43 : ......20.25%
30-07-2023 07:02:40 : ......30.25%
30-07-2023 07:03:36 : ......40.25%
30-07-2023 07:04:33 : ......50.25%
30-07-2023 07:05:30 : ......60.25%
30-07-2023 07:06:26 : ......70.25%
30-07-2023 07:07:23 : ......80.25%
30-07-2023 07:08:20 : ......90.25%
30-07-2023 07:08:58 : Finish section 2-2, layers=2.
30-07-2023 07:10:15 : ......10.25%
30-07-2023 07:12:00 : ......20.25%
30-07-2023 07:13:51 : ......30.25%
30-07-2023 07:15:42 : ......40.25%
30-07-2023 07:17:33 : ......50.25%
30-07-2023 07:19:24 : ......60.25%
30-07-2023 07:21:15 : ......70.25%
30-07-2023 07:23:06 : ......80.25%
30-07-2023 07:24:50 : ......90.25%
30-07-2023 07:25:59 : Finish section 2-3, layers=3.
30-07-2023 07:27:56 : ......10.25%
30-07-2023 07:30:28 : ......20.25%
30-07-2023 07:33:30 : ......30.25%
30-07-2023 07:36:32 : ......40.25%
30-07-2023 07:39:34 : ......50.25%
30-07-2023 07:42:34 : ......60.25%
30-07-2023 07:45:33 : ......70.25%
30-07-2023 07:48:33 : ......80.25%
30-07-2023 07:51:05 : ......90.25%
30-07-2023 07:52:55 : Finish section 2-4, layers=4.
30-07-2023 07:53:24 : Finish reference section 1-4.
30-07-2023 07:53:24 : Reference L2 norm:0.002494, eg norm:0.214530
30-07-2023 07:53:24 : L2-norm errors:0.000019  0.000000  0.000000  0.000000
30-07-2023 07:53:24 : H1-norm errors:0.001949  0.000032  0.000001  0.000000
30-07-2023 07:53:24 : Get coefficients from the image, set contrast ratio=1.0000e+06
30-07-2023 07:53:24 : Coarse grid:20x20, fine grid:400x400.
30-07-2023 07:53:52 : Lambda=1.763312
30-07-2023 07:54:11 : ......10.25%
30-07-2023 07:54:31 : ......20.25%
30-07-2023 07:54:51 : ......30.25%
30-07-2023 07:55:12 : ......40.25%
30-07-2023 07:55:32 : ......50.25%
30-07-2023 07:55:52 : ......60.25%
30-07-2023 07:56:13 : ......70.25%
30-07-2023 07:56:33 : ......80.25%
30-07-2023 07:56:54 : ......90.25%
30-07-2023 07:57:10 : Finish section 3-1, layers=1.
30-07-2023 07:57:55 : ......10.25%
30-07-2023 07:58:54 : ......20.25%
30-07-2023 07:59:52 : ......30.25%
30-07-2023 08:00:50 : ......40.25%
30-07-2023 08:01:48 : ......50.25%
30-07-2023 08:02:47 : ......60.25%
30-07-2023 08:03:46 : ......70.25%
30-07-2023 08:04:44 : ......80.25%
30-07-2023 08:05:38 : ......90.25%
30-07-2023 08:06:15 : Finish section 3-2, layers=2.
30-07-2023 08:07:26 : ......10.25%
30-07-2023 08:09:04 : ......20.25%
30-07-2023 08:10:48 : ......30.25%
30-07-2023 08:12:31 : ......40.25%
30-07-2023 08:14:15 : ......50.25%
30-07-2023 08:15:59 : ......60.25%
30-07-2023 08:17:43 : ......70.25%
30-07-2023 08:19:27 : ......80.25%
30-07-2023 08:21:04 : ......90.25%
30-07-2023 08:22:08 : Finish section 3-3, layers=3.
30-07-2023 08:23:59 : ......10.25%
30-07-2023 08:26:22 : ......20.25%
30-07-2023 08:29:13 : ......30.25%
30-07-2023 08:32:02 : ......40.25%
30-07-2023 08:34:50 : ......50.25%
30-07-2023 08:37:37 : ......60.25%
30-07-2023 08:40:25 : ......70.25%
30-07-2023 08:43:12 : ......80.25%
30-07-2023 08:45:31 : ......90.25%
30-07-2023 08:47:09 : Finish section 3-4, layers=4.
30-07-2023 08:47:35 : Finish reference section 1-4.
30-07-2023 08:47:35 : Reference L2 norm:0.002494, eg norm:0.214531
30-07-2023 08:47:35 : L2-norm errors:0.000019  0.000000  0.000000  0.000000
30-07-2023 08:47:35 : H1-norm errors:0.001949  0.000032  0.000001  0.000000
30-07-2023 08:47:35 : End

18-08-2023 01:45:08 : ================================================================================
18-08-2023 01:45:08 : Start
18-08-2023 01:45:08 : Get coefficients from the image, set contrast ratio=1.0000e+04
18-08-2023 01:45:08 : Coarse grid:20x20, fine grid:400x400.
18-08-2023 01:45:40 : Lambda=3.319007
18-08-2023 01:46:09 : ......10.25%
18-08-2023 01:46:46 : ......20.25%
18-08-2023 01:47:21 : ......30.25%
18-08-2023 01:47:57 : ......40.25%
18-08-2023 01:48:32 : ......50.25%
18-08-2023 01:49:10 : ......60.25%
18-08-2023 01:49:41 : ......70.25%
18-08-2023 01:50:06 : ......80.25%
18-08-2023 01:50:31 : ......90.25%
18-08-2023 01:50:51 : Finish section 1-1, layers=1.
18-08-2023 01:51:45 : ......10.25%
18-08-2023 01:52:58 : ......20.25%
18-08-2023 01:54:10 : ......30.25%
18-08-2023 01:55:22 : ......40.25%
18-08-2023 01:56:34 : ......50.25%
18-08-2023 01:57:48 : ......60.25%
18-08-2023 01:59:05 : ......70.25%
18-08-2023 02:00:22 : ......80.25%
18-08-2023 02:01:41 : ......90.25%
18-08-2023 02:02:36 : Finish section 1-2, layers=2.
18-08-2023 02:04:21 : ......10.25%
18-08-2023 02:07:30 : ......20.25%
18-08-2023 02:10:52 : ......30.25%
18-08-2023 02:14:14 : ......40.25%
18-08-2023 02:17:36 : ......50.25%
18-08-2023 02:20:58 : ......60.25%
18-08-2023 02:24:21 : ......70.25%
18-08-2023 02:27:45 : ......80.25%
18-08-2023 02:30:51 : ......90.25%
18-08-2023 02:32:56 : Finish section 1-3, layers=3.
18-08-2023 02:36:29 : ......10.25%
18-08-2023 02:41:07 : ......20.25%
18-08-2023 02:46:37 : ......30.25%
18-08-2023 02:52:06 : ......40.25%
18-08-2023 02:57:27 : ......50.25%
18-08-2023 03:02:57 : ......60.25%
18-08-2023 03:08:23 : ......70.25%
18-08-2023 03:13:52 : ......80.25%
18-08-2023 03:18:33 : ......90.25%
18-08-2023 03:21:55 : Finish section 1-4, layers=4.
18-08-2023 03:22:49 : Finish reference section 1-4.
18-08-2023 03:22:49 : Reference L2 norm:0.001561, eg norm:0.152573
18-08-2023 03:22:49 : L2-norm errors:0.000021  0.000001  0.000000  0.000000
18-08-2023 03:22:49 : H1-norm errors:0.002714  0.000095  0.000003  0.000000
18-08-2023 03:22:49 : Get coefficients from the image, set contrast ratio=1.0000e+05
18-08-2023 03:22:50 : Coarse grid:20x20, fine grid:400x400.
18-08-2023 03:23:53 : Lambda=3.319007
18-08-2023 03:24:27 : ......10.25%
18-08-2023 03:25:03 : ......20.25%
18-08-2023 03:25:40 : ......30.25%
18-08-2023 03:26:17 : ......40.25%
18-08-2023 03:26:54 : ......50.25%
18-08-2023 03:27:32 : ......60.25%
18-08-2023 03:28:09 : ......70.25%
18-08-2023 03:28:46 : ......80.25%
18-08-2023 03:29:23 : ......90.25%
18-08-2023 03:29:53 : Finish section 2-1, layers=1.
18-08-2023 03:31:13 : ......10.25%
18-08-2023 03:33:01 : ......20.25%
18-08-2023 03:34:46 : ......30.25%
18-08-2023 03:36:32 : ......40.25%
18-08-2023 03:38:17 : ......50.25%
18-08-2023 03:40:02 : ......60.25%
18-08-2023 03:41:46 : ......70.25%
18-08-2023 03:43:32 : ......80.25%
18-08-2023 03:45:18 : ......90.25%
18-08-2023 03:46:29 : Finish section 2-2, layers=2.
18-08-2023 03:48:48 : ......10.25%
18-08-2023 03:52:00 : ......20.25%
18-08-2023 03:55:24 : ......30.25%
18-08-2023 03:58:45 : ......40.25%
18-08-2023 04:02:08 : ......50.25%
18-08-2023 04:05:29 : ......60.25%
18-08-2023 04:08:46 : ......70.25%
18-08-2023 04:12:04 : ......80.25%
18-08-2023 04:15:13 : ......90.25%
18-08-2023 04:17:20 : Finish section 2-3, layers=3.
18-08-2023 04:21:06 : ......10.25%
18-08-2023 04:25:55 : ......20.25%
18-08-2023 04:31:46 : ......30.25%
18-08-2023 04:37:38 : ......40.25%
18-08-2023 04:43:32 : ......50.25%
18-08-2023 04:49:25 : ......60.25%
18-08-2023 04:55:22 : ......70.25%
18-08-2023 05:01:16 : ......80.25%
18-08-2023 05:06:06 : ......90.25%
18-08-2023 05:09:33 : Finish section 2-4, layers=4.
18-08-2023 05:10:27 : Finish reference section 1-4.
18-08-2023 05:10:27 : Reference L2 norm:0.001561, eg norm:0.152574
18-08-2023 05:10:28 : L2-norm errors:0.000021  0.000001  0.000000  0.000000
18-08-2023 05:10:28 : H1-norm errors:0.002714  0.000095  0.000003  0.000000
18-08-2023 05:10:28 : Get coefficients from the image, set contrast ratio=1.0000e+06
18-08-2023 05:10:28 : Coarse grid:20x20, fine grid:400x400.
18-08-2023 05:11:34 : Lambda=3.319007
18-08-2023 05:12:09 : ......10.25%
18-08-2023 05:12:48 : ......20.25%
18-08-2023 05:13:26 : ......30.25%
18-08-2023 05:14:04 : ......40.25%
18-08-2023 05:14:42 : ......50.25%
18-08-2023 05:15:21 : ......60.25%
18-08-2023 05:15:59 : ......70.25%
18-08-2023 05:16:37 : ......80.25%
18-08-2023 05:17:15 : ......90.25%
18-08-2023 05:17:46 : Finish section 3-1, layers=1.
18-08-2023 05:19:11 : ......10.25%
18-08-2023 05:21:03 : ......20.25%
18-08-2023 05:22:53 : ......30.25%
18-08-2023 05:24:45 : ......40.25%
18-08-2023 05:26:34 : ......50.25%
18-08-2023 05:28:26 : ......60.25%
18-08-2023 05:30:17 : ......70.25%
18-08-2023 05:32:06 : ......80.25%
18-08-2023 05:33:58 : ......90.25%
18-08-2023 05:35:12 : Finish section 3-2, layers=2.
18-08-2023 05:37:38 : ......10.25%
18-08-2023 05:40:59 : ......20.25%
18-08-2023 05:44:35 : ......30.25%
18-08-2023 05:48:06 : ......40.25%
18-08-2023 05:51:40 : ......50.25%
18-08-2023 05:55:12 : ......60.25%
18-08-2023 05:58:45 : ......70.25%
18-08-2023 06:02:19 : ......80.25%
18-08-2023 06:05:34 : ......90.25%
18-08-2023 06:07:47 : Finish section 3-3, layers=3.
18-08-2023 06:11:30 : ......10.25%
18-08-2023 06:16:20 : ......20.25%
18-08-2023 06:22:04 : ......30.25%
18-08-2023 06:28:03 : ......40.25%
18-08-2023 06:33:38 : ......50.25%
18-08-2023 06:39:09 : ......60.25%
18-08-2023 06:45:04 : ......70.25%
18-08-2023 06:50:57 : ......80.25%
18-08-2023 06:55:28 : ......90.25%
18-08-2023 06:58:40 : Finish section 3-4, layers=4.
18-08-2023 06:59:30 : Finish reference section 1-4.
18-08-2023 06:59:30 : Reference L2 norm:0.001561, eg norm:0.152574
18-08-2023 06:59:30 : L2-norm errors:0.000021  0.000001  0.000000  0.000000
18-08-2023 06:59:30 : H1-norm errors:0.002714  0.000095  0.000003  0.000000
18-08-2023 06:59:30 : End

