30-07-2023 05:13:50 : ================================================================================
30-07-2023 05:13:50 : Start
30-07-2023 05:13:50 : Get coefficients from the image, set contrast ratio=1.0000e+00
30-07-2023 05:13:50 : Coarse grid:20x20, fine grid:400x400.
30-07-2023 05:24:26 : ================================================================================
30-07-2023 05:24:26 : Start
30-07-2023 05:24:26 : Get coefficients from the image, set contrast ratio=1.0000e+00
30-07-2023 05:24:26 : Coarse grid:20x20, fine grid:400x400.
30-07-2023 05:24:51 : Lambda=0.824708
30-07-2023 05:25:08 : ......10.25%
30-07-2023 05:25:26 : ......20.25%
30-07-2023 05:25:44 : ......30.25%
30-07-2023 05:26:02 : ......40.25%
30-07-2023 05:26:20 : ......50.25%
30-07-2023 05:26:38 : ......60.25%
30-07-2023 05:26:55 : ......70.25%
30-07-2023 05:27:13 : ......80.25%
30-07-2023 05:27:31 : ......90.25%
30-07-2023 05:27:45 : Finish section 1-1, layers=1.
30-07-2023 05:28:24 : ......10.25%
30-07-2023 05:29:15 : ......20.25%
30-07-2023 05:30:06 : ......30.25%
30-07-2023 05:30:58 : ......40.25%
30-07-2023 05:32:04 : ......50.25%
30-07-2023 05:33:29 : ......60.25%
30-07-2023 05:34:57 : ......70.25%
30-07-2023 05:36:18 : ......80.25%
30-07-2023 05:37:48 : ......90.25%
30-07-2023 05:38:46 : Finish section 1-2, layers=2.
30-07-2023 05:40:34 : ......10.25%
30-07-2023 05:43:15 : ......20.25%
30-07-2023 05:46:03 : ......30.25%
30-07-2023 05:48:32 : ......40.25%
30-07-2023 05:51:20 : ......50.25%
30-07-2023 05:54:06 : ......60.25%
30-07-2023 05:56:45 : ......70.25%
30-07-2023 05:59:32 : ......80.25%
30-07-2023 06:02:01 : ......90.25%
30-07-2023 06:03:42 : Finish section 1-3, layers=3.
30-07-2023 06:06:39 : ......10.25%
30-07-2023 06:10:02 : ......20.25%
30-07-2023 06:13:16 : ......30.25%
30-07-2023 06:16:28 : ......40.25%
30-07-2023 06:19:41 : ......50.25%
30-07-2023 06:22:54 : ......60.25%
30-07-2023 06:26:06 : ......70.25%
30-07-2023 06:29:18 : ......80.25%
30-07-2023 06:31:57 : ......90.25%
30-07-2023 06:33:49 : Finish section 1-4, layers=4.
30-07-2023 06:34:19 : Finish reference section 1-4.
30-07-2023 06:34:19 : Reference L2 norm:0.002120, eg norm:0.146911
30-07-2023 06:34:19 : L2-norm errors:0.000034  0.000002  0.000000  0.000000
30-07-2023 06:34:19 : H1-norm errors:0.003096  0.000126  0.000006  0.000000
30-07-2023 06:34:19 : Get coefficients from the image, set contrast ratio=1.0000e+02
30-07-2023 06:34:19 : Coarse grid:20x20, fine grid:400x400.
