16-08-2023 02:27:46 : ================================================================================
16-08-2023 02:27:46 : Start
16-08-2023 02:27:46 : Get coefficients from the image, set contrast ratio=1.0000e+02
16-08-2023 02:27:46 : Coarse grid:20x20, fine grid:400x400.
16-08-2023 02:28:26 : Lambda=1.746383
16-08-2023 02:28:53 : ......10.25%
16-08-2023 02:29:22 : ......20.25%
16-08-2023 02:29:52 : ......30.25%
16-08-2023 02:30:21 : ......40.25%
16-08-2023 02:30:51 : ......50.25%
16-08-2023 02:31:20 : ......60.25%
16-08-2023 02:31:50 : ......70.25%
16-08-2023 02:32:19 : ......80.25%
16-08-2023 02:32:48 : ......90.25%
16-08-2023 02:33:11 : Finish section 2-1, layers=1.
16-08-2023 02:34:14 : ......10.25%
16-08-2023 02:35:39 : ......20.25%
16-08-2023 02:37:03 : ......30.25%
16-08-2023 02:38:27 : ......40.25%
16-08-2023 02:39:50 : ......50.25%
16-08-2023 02:41:14 : ......60.25%
16-08-2023 02:42:38 : ......70.25%
16-08-2023 02:44:03 : ......80.25%
16-08-2023 02:45:27 : ......90.25%
16-08-2023 02:46:23 : Finish section 2-2, layers=2.
16-08-2023 02:48:17 : ......10.25%
16-08-2023 02:50:54 : ......20.25%
16-08-2023 02:53:40 : ......30.25%
16-08-2023 02:56:25 : ......40.25%
16-08-2023 02:59:10 : ......50.25%
16-08-2023 03:01:55 : ......60.25%
16-08-2023 03:04:42 : ......70.25%
16-08-2023 03:07:29 : ......80.25%
16-08-2023 03:10:02 : ......90.25%
16-08-2023 03:11:42 : Finish section 2-3, layers=3.
16-08-2023 03:14:39 : ......10.25%
16-08-2023 03:17:32 : ......20.25%
16-08-2023 03:21:07 : ......30.25%
16-08-2023 03:23:47 : ......40.25%
16-08-2023 03:26:35 : ......50.25%
16-08-2023 03:29:29 : ......60.25%
16-08-2023 03:32:24 : ......70.25%
16-08-2023 03:35:19 : ......80.25%
16-08-2023 03:37:41 : ......90.25%
16-08-2023 03:39:21 : Finish section 2-4, layers=4.
16-08-2023 03:39:49 : Finish reference section 1-4.
16-08-2023 03:39:49 : Reference L2 norm:0.002352, eg norm:0.197904
16-08-2023 03:39:49 : L2-norm errors:0.000019  0.000000  0.000000  0.000000
16-08-2023 03:39:49 : H1-norm errors:0.001975  0.000046  0.000003  0.000000
16-08-2023 03:39:49 : End

